2012-10-16 23:01:47,625	INFO	Starting backup process for: 16-10-12-23-01-47
2012-10-16 23:01:53,640	INFO	Current Backups: 
2012-10-16 23:01:53,641	INFO	    30-09-12-15-42-30:1349012553.tar
2012-10-16 23:01:53,641	INFO	    07-10-12-18-05-01:1349625907.tar
2012-10-16 23:01:53,641	INFO	    14-10-12-18-00-02:1350230408.tar
2012-10-16 23:01:53,641	INFO	Tar check done.
2012-10-16 23:01:53,641	INFO	Pushing to git.
2012-10-16 23:04:01,554	INFO	Git push done.
2012-10-16 23:04:06,566	INFO	Backup done.
2012-10-16 23:04:06,567	INFO	
2012-10-19 01:25:09,924	INFO	Starting backup process for: 19-10-12-01-25-09
2012-10-19 01:25:15,938	INFO	Current Backups: 
2012-10-19 01:25:15,938	INFO	    30-09-12-15-42-30:1349012553.tar
2012-10-19 01:25:15,938	INFO	    07-10-12-18-05-01:1349625907.tar
2012-10-19 01:25:15,938	INFO	    14-10-12-18-00-02:1350230408.tar
2012-10-19 01:25:15,938	INFO	Tar check done.
2012-10-19 01:25:15,939	INFO	Pushing to git.
2012-10-19 01:30:24,030	INFO	Git push done.
2012-10-19 01:30:29,043	INFO	Backup done.
2012-10-19 01:30:29,043	INFO	
2012-11-06 15:45:08,816	CRITICAL	Command failed: [mc_tekkit_restricted] say Server restarting in 5 minutes
2012-11-06 15:45:08,844	CRITICAL	Command failed: [mc_tekkit_restricted] say Server restarting in 1 minute
2012-11-06 15:45:08,846	INFO	Starting backup process for: 06-11-12-15-45-08
2012-11-06 15:45:08,849	CRITICAL	Command failed: [mc_tekkit_restricted] say Starting backup
2012-11-06 15:45:08,854	CRITICAL	Command failed: [mc_tekkit_restricted] save-all
2012-11-06 15:45:08,859	CRITICAL	Command failed: [mc_tekkit_restricted] save-off
2012-11-06 15:45:14,865	INFO	Current Backups: 
2012-11-06 15:45:14,865	INFO	    14-10-12-18-00-02:1350230408.tar
2012-11-06 15:45:14,865	INFO	    21-10-12-18-00-01:1350835207.tar
2012-11-06 15:45:14,865	INFO	    28-10-12-18-00-01:1351443607.tar
2012-11-06 15:45:14,866	INFO	    04-11-12-18-00-02:1352048410.tar
2012-11-06 15:45:14,866	INFO	Tar check done.
2012-11-06 15:45:14,866	INFO	Pushing to git.
2012-11-06 15:47:26,462	INFO	Git push done.
2012-11-06 15:47:31,470	CRITICAL	Command failed: [mc_tekkit_restricted] save-on
2012-11-06 15:47:31,476	CRITICAL	Command failed: [mc_tekkit_restricted] save-all
2012-11-06 15:47:31,482	CRITICAL	Command failed: [mc_tekkit_restricted] say Backup complete
2012-11-06 15:47:31,484	INFO	Backup done.
2012-11-06 15:47:31,484	INFO	
2012-12-31 16:37:36,492	INFO	Starting backup process for: 31-12-12-16-37-36
