2012-12-30 18:11:09 [INFO] Starting minecraft server version 1.4.6
2012-12-30 18:11:09 [INFO] Loading properties
2012-12-30 18:11:09 [INFO] Default game type: SURVIVAL
2012-12-30 18:11:09 [INFO] Generating keypair
2012-12-30 18:11:09 [INFO] Starting Minecraft server on localhost:25503
2012-12-30 18:11:09 [INFO] This server is running CraftBukkit version git-Bukkit-1.4.6-R0.1-b2561jnks (MC: 1.4.6) (Implementing API version 1.4.6-R0.1)
2012-12-30 18:11:09 [WARNING] Failed to load operators list: java.io.FileNotFoundException: ./ops.txt (No such file or directory)
2012-12-30 18:11:09 [WARNING] Failed to load white-list: java.io.FileNotFoundException: ./white-list.txt (No such file or directory)
2012-12-30 18:11:09 [WARNING] **** SERVER IS RUNNING IN OFFLINE/INSECURE MODE!
2012-12-30 18:11:09 [WARNING] The server will make no attempt to authenticate usernames. Beware.
2012-12-30 18:11:09 [WARNING] While this makes the game possible to play without internet access, it also opens up the ability for hackers to connect with any username they choose.
2012-12-30 18:11:09 [WARNING] To change this, set "online-mode" to "true" in the server.properties file.
2012-12-30 18:11:10 [INFO] Preparing level "world"
2012-12-30 18:11:10 [INFO] ----- Bukkit Auto Updater -----
2012-12-30 18:11:10 [INFO] It appears that you're running a Beta Build, when you've specified in bukkit.yml that you prefer to run Recommended Builds.
2012-12-30 18:11:10 [INFO] If you would like to be kept informed about new Beta Build releases, it is recommended that you change 'preferred-channel' in your bukkit.yml to 'beta'.
2012-12-30 18:11:10 [INFO] With that set, you will be told whenever a new version is available for download, so that you can always keep up to date and secure with the latest fixes.
2012-12-30 18:11:10 [INFO] If you would like to disable this warning, simply set 'suggest-channels' to false in bukkit.yml.
2012-12-30 18:11:10 [INFO] ----- ------------------- -----
2012-12-30 18:11:10 [INFO] Preparing start region for level 0 (Seed: -5698702710497099097)
2012-12-30 18:11:11 [INFO] Preparing spawn area: 12%
2012-12-30 18:11:12 [INFO] Preparing spawn area: 28%
2012-12-30 18:11:13 [INFO] Preparing spawn area: 44%
2012-12-30 18:11:14 [INFO] Preparing spawn area: 65%
2012-12-30 18:11:15 [INFO] Preparing spawn area: 85%
2012-12-30 18:11:15 [INFO] Preparing start region for level 1 (Seed: -5698702710497099097)
2012-12-30 18:11:16 [INFO] Preparing spawn area: 8%
2012-12-30 18:11:17 [INFO] Preparing spawn area: 32%
2012-12-30 18:11:18 [INFO] Preparing spawn area: 57%
2012-12-30 18:11:19 [INFO] Preparing spawn area: 85%
2012-12-30 18:11:19 [INFO] Preparing start region for level 2 (Seed: -5698702710497099097)
2012-12-30 18:11:20 [INFO] Preparing spawn area: 28%
2012-12-30 18:11:21 [INFO] Preparing spawn area: 85%
2012-12-30 18:11:21 [INFO] Done (11.673s)! For help, type "help" or "?"
2012-12-30 18:11:32 [INFO] CONSOLE: Stopping the server..[m
2012-12-30 18:11:32 [INFO] Stopping server
2012-12-30 18:11:32 [INFO] Saving players
2012-12-30 18:11:32 [WARNING] DSCT: Socket closed
2012-12-30 18:11:32 [INFO] Saving worlds
2012-12-30 18:11:32 [INFO] Closing listening thread
2012-12-30 18:11:32 [INFO] Saving chunks for level 'world'/Overworld
2012-12-30 18:11:34 [INFO] Saving chunks for level 'world_nether'/Nether
2012-12-30 18:11:35 [INFO] Saving chunks for level 'world_the_end'/The End
2012-12-30 18:18:04 [INFO] Starting minecraft server version 1.4.6
2012-12-30 18:18:04 [INFO] Loading properties
2012-12-30 18:18:04 [INFO] Default game type: SURVIVAL
2012-12-30 18:18:04 [INFO] Generating keypair
2012-12-30 18:18:04 [INFO] Starting Minecraft server on localhost:25503
2012-12-30 18:18:05 [INFO] This server is running CraftBukkit version git-Bukkit-1.4.6-R0.1-b2561jnks (MC: 1.4.6) (Implementing API version 1.4.6-R0.1)
2012-12-30 18:18:05 [WARNING] **** SERVER IS RUNNING IN OFFLINE/INSECURE MODE!
2012-12-30 18:18:05 [WARNING] The server will make no attempt to authenticate usernames. Beware.
2012-12-30 18:18:05 [WARNING] While this makes the game possible to play without internet access, it also opens up the ability for hackers to connect with any username they choose.
2012-12-30 18:18:05 [WARNING] To change this, set "online-mode" to "true" in the server.properties file.
2012-12-30 18:18:05 [INFO] Preparing level "world"
2012-12-30 18:18:05 [INFO] ----- Bukkit Auto Updater -----
2012-12-30 18:18:05 [INFO] It appears that you're running a Beta Build, when you've specified in bukkit.yml that you prefer to run Recommended Builds.
2012-12-30 18:18:05 [INFO] If you would like to be kept informed about new Beta Build releases, it is recommended that you change 'preferred-channel' in your bukkit.yml to 'beta'.
2012-12-30 18:18:05 [INFO] With that set, you will be told whenever a new version is available for download, so that you can always keep up to date and secure with the latest fixes.
2012-12-30 18:18:05 [INFO] If you would like to disable this warning, simply set 'suggest-channels' to false in bukkit.yml.
2012-12-30 18:18:05 [INFO] ----- ------------------- -----
2012-12-30 18:18:05 [INFO] Preparing start region for level 0 (Seed: -5698702710497099097)
2012-12-30 18:18:06 [INFO] Preparing start region for level 1 (Seed: -5698702710497099097)
2012-12-30 18:18:06 [INFO] Preparing spawn area: 73%
2012-12-30 18:18:06 [INFO] Preparing start region for level 2 (Seed: -5698702710497099097)
2012-12-30 18:18:06 [INFO] Server permissions file permissions.yml is empty, ignoring it
2012-12-30 18:18:06 [INFO] Done (1.557s)! For help, type "help" or "?"
2012-12-30 18:33:23 [INFO] lluoc[/127.0.0.1:55997] logged in with entity id 468 at ([world] 226.5, 65.62000000476837, -40.5)
2012-12-30 18:33:50 [INFO] lluoc issued server command: /time set 0
2012-12-30 18:34:10 [INFO] CONSOLE: Opped lluoc[m
2012-12-30 18:34:16 [INFO] lluoc issued server command: /time set 0
2012-12-30 18:34:16 [INFO] lluoc: Set time to 0[m
2012-12-30 18:34:40 [INFO] lluoc lost connection: disconnect.quitting
2012-12-30 18:34:40 [INFO] Connection reset
2012-12-30 18:34:45 [INFO] lluoc[/127.0.0.1:56020] logged in with entity id 1313 at ([world] 193.16910664702155, 64.0, -127.7107425004541)
2012-12-30 18:37:32 [INFO] <lluoc> test[m
2012-12-30 18:38:30 [INFO] <lluoc> test[m
2012-12-30 18:38:41 [INFO] lluoc lost connection: disconnect.quitting
2012-12-30 18:38:41 [INFO] Connection reset
2012-12-30 18:43:00 [INFO] lluoc[/127.0.0.1:56215] logged in with entity id 3634 at ([world] 193.19903833389426, 65.0, -160.56445501302306)
2012-12-30 18:43:05 [INFO] lluoc lost connection: disconnect.quitting
2012-12-30 18:43:05 [INFO] Connection reset
2012-12-30 18:43:10 [INFO] lluoc[/127.0.0.1:56220] logged in with entity id 3829 at ([world] 193.19903833389426, 65.0, -160.56445501302306)
2012-12-30 18:43:28 [INFO] Connection reset
2012-12-30 18:43:28 [INFO] lluoc lost connection: disconnect.quitting
2012-12-30 18:44:07 [INFO] lluoc[/127.0.0.1:56232] logged in with entity id 4160 at ([world] 193.19903833389426, 65.0, -160.56445501302306)
2012-12-30 18:44:17 [INFO] Connection reset
2012-12-30 18:44:17 [INFO] lluoc lost connection: disconnect.endOfStream
2012-12-30 18:46:15 [INFO] lluoc[/127.0.0.1:56261] logged in with entity id 4415 at ([world] 193.19903833389426, 65.0, -160.56445501302306)
2012-12-30 18:46:25 [INFO] Connection reset
2012-12-30 18:46:25 [INFO] lluoc lost connection: disconnect.endOfStream
2012-12-30 18:55:46 [INFO] CONSOLE: Opped nightkhaos[m
2012-12-30 18:55:51 [INFO] CONSOLE: Opped H4ZM4T[m
2012-12-30 18:56:41 [INFO] lluoc[/127.0.0.1:56437] logged in with entity id 4696 at ([world] 193.19903833389426, 65.0, -160.56445501302306)
2012-12-30 18:56:45 [INFO] <lluoc> test[m
2012-12-30 18:56:55 [INFO] <lluoc> ok can someone say anything this time?[m
2012-12-30 18:57:03 [INFO] <lluoc> quickly lest I die[m
2012-12-30 18:57:23 [INFO] 210 recipes
2012-12-30 18:57:23 [INFO] [xServer] Loading xServer v0.2.7
2012-12-30 18:57:23 [INFO] [CreeperMess] Loading CreeperMess v1.2
2012-12-30 18:57:23 [INFO] [SimpleWelcome] Loading SimpleWelcome v1.0.1
2012-12-30 18:57:23 [INFO] [xServer] Enabling xServer v0.2.7
2012-12-30 18:57:23 [INFO] [xServer] XServer Version 0.2.6 Initializing
2012-12-30 18:57:23 [INFO] [36;1m[XServer]Connected to host[m
2012-12-30 18:57:23 [INFO] [xServer] Client connected to localhost:33777
2012-12-30 18:57:23 [INFO] [CreeperMess] Enabling CreeperMess v1.2
2012-12-30 18:57:23 [INFO] [CreeperMess v1.2] Enabled!
2012-12-30 18:57:23 [INFO] [SimpleWelcome] Enabling SimpleWelcome v1.0.1
2012-12-30 18:57:23 [INFO] [SimpleWelcome] Enabled successfully!
2012-12-30 18:57:23 [INFO] Server permissions file permissions.yml is empty, ignoring it
2012-12-30 18:57:23 [INFO] CONSOLE: [32;1mReload complete.[m
2012-12-30 18:57:30 [INFO] <lluoc> ok can someone say anything this time?[m
2012-12-30 18:57:31 [INFO] <lluoc> quickly lest I die[m
2012-12-30 18:57:40 [INFO] [Static] mikeyberman: potato[m
2012-12-30 18:57:48 [INFO] <lluoc> yay[m
2012-12-30 18:58:00 [INFO] Connection reset
2012-12-30 18:58:00 [INFO] lluoc lost connection: disconnect.quitting
2012-12-30 19:01:57 [INFO] lluoc[/127.0.0.1:56526] logged in with entity id 5376 at ([world] 187.533348634978, 65.0, -151.92500001192093)
2012-12-30 19:02:11 [INFO] Connection reset
2012-12-30 19:02:11 [INFO] [Fluid] lluoc has joined the game[m
2012-12-30 19:02:11 [INFO] lluoc lost connection: disconnect.endOfStream
2012-12-30 19:02:21 [INFO] [Static] lluoc has joined the game[m
2012-12-30 19:02:21 [INFO] [Fluid] lluoc has left the game[m
2012-12-30 19:03:49 [INFO] [Fluid] lluoc has joined the game[m
2012-12-30 19:03:49 [INFO] [Static] lluoc has left the game[m
2012-12-30 19:03:59 [INFO] [Static] lluoc has joined the game[m
2012-12-30 19:03:59 [INFO] [Fluid] lluoc has left the game[m
2012-12-30 19:12:55 [SEVERE] [xServer] Malformed Packet
2012-12-30 19:12:55 [SEVERE] java.lang.ClassCastException: java.lang.String cannot be cast to java.util.HashMap
2012-12-30 19:12:55 [SEVERE] 	at cbp.double0negative.xServer.client.Client.parse(Client.java:70)
2012-12-30 19:12:55 [SEVERE] 	at cbp.double0negative.xServer.client.Client.run(Client.java:59)
2012-12-30 19:12:55 [INFO] [34;1m[xServer] Static has disconnected[m
2012-12-30 19:12:55 [SEVERE] [xServer] Malformed Packet
2012-12-30 19:12:55 [SEVERE] java.lang.ClassCastException: java.lang.String cannot be cast to java.util.HashMap
2012-12-30 19:12:55 [SEVERE] 	at cbp.double0negative.xServer.client.Client.parse(Client.java:70)
2012-12-30 19:12:55 [SEVERE] 	at cbp.double0negative.xServer.client.Client.run(Client.java:59)
2012-12-30 19:12:55 [SEVERE] [xServer] Couldn't send packet
2012-12-30 19:12:57 [SEVERE] [xServer] Failed to create Socket - Client
2012-12-30 19:20:04 [INFO] There are 0/20 players online:
[m
2012-12-30 19:20:05 [INFO] CONSOLE: Stopping the server..[m
2012-12-30 19:20:05 [INFO] Stopping server
2012-12-30 19:20:05 [INFO] [SimpleWelcome] Disabling SimpleWelcome v1.0.1
2012-12-30 19:20:05 [INFO] [SimpleWelcome] Disabled successfully!
2012-12-30 19:20:05 [INFO] [CreeperMess] Disabling CreeperMess v1.2
2012-12-30 19:20:05 [INFO] [CreeperMess v1.2] Disabled!
2012-12-30 19:20:05 [INFO] [xServer] Disabling xServer v0.2.7
2012-12-30 19:20:05 [SEVERE] [xServer] Couldn't send packet
2012-12-30 19:20:05 [SEVERE] [xServer] Couldn't send packet
2012-12-30 19:20:05 [INFO] [36;1m[XServer] Disconnecting from host[m
2012-12-30 19:20:05 [INFO] Saving players
2012-12-30 19:20:05 [WARNING] DSCT: Socket closed
2012-12-30 19:20:05 [INFO] Saving worlds
2012-12-30 19:20:05 [INFO] Closing listening thread
2012-12-30 19:20:05 [INFO] Saving chunks for level 'world'/Overworld
2012-12-30 19:20:06 [INFO] Saving chunks for level 'world_nether'/Nether
2012-12-30 19:20:07 [INFO] Saving chunks for level 'world_the_end'/The End
2012-12-30 19:36:52 [INFO] Starting minecraft server version 1.4.6
2012-12-30 19:36:52 [INFO] Loading properties
2012-12-30 19:36:52 [INFO] Default game type: SURVIVAL
2012-12-30 19:36:52 [INFO] Generating keypair
2012-12-30 19:36:52 [INFO] Starting Minecraft server on localhost:25503
2012-12-30 19:36:52 [INFO] This server is running CraftBukkit version git-Bukkit-1.4.6-R0.1-b2561jnks (MC: 1.4.6) (Implementing API version 1.4.6-R0.1)
2012-12-30 19:36:52 [INFO] [xServer] Loading xServer v0.2.7
2012-12-30 19:36:52 [INFO] [CreeperMess] Loading CreeperMess v1.2
2012-12-30 19:36:52 [INFO] [SimpleWelcome] Loading SimpleWelcome v1.0.1
2012-12-30 19:36:52 [WARNING] **** SERVER IS RUNNING IN OFFLINE/INSECURE MODE!
2012-12-30 19:36:52 [WARNING] The server will make no attempt to authenticate usernames. Beware.
2012-12-30 19:36:52 [WARNING] While this makes the game possible to play without internet access, it also opens up the ability for hackers to connect with any username they choose.
2012-12-30 19:36:52 [WARNING] To change this, set "online-mode" to "true" in the server.properties file.
2012-12-30 19:36:52 [INFO] Preparing level "world"
2012-12-30 19:36:52 [INFO] ----- Bukkit Auto Updater -----
2012-12-30 19:36:52 [INFO] It appears that you're running a Beta Build, when you've specified in bukkit.yml that you prefer to run Recommended Builds.
2012-12-30 19:36:52 [INFO] If you would like to be kept informed about new Beta Build releases, it is recommended that you change 'preferred-channel' in your bukkit.yml to 'beta'.
2012-12-30 19:36:52 [INFO] With that set, you will be told whenever a new version is available for download, so that you can always keep up to date and secure with the latest fixes.
2012-12-30 19:36:52 [INFO] If you would like to disable this warning, simply set 'suggest-channels' to false in bukkit.yml.
2012-12-30 19:36:52 [INFO] ----- ------------------- -----
2012-12-30 19:36:52 [INFO] Preparing start region for level 0 (Seed: -5698702710497099097)
2012-12-30 19:36:53 [INFO] Preparing start region for level 1 (Seed: -5698702710497099097)
2012-12-30 19:36:53 [INFO] Preparing spawn area: 65%
2012-12-30 19:36:54 [INFO] Preparing start region for level 2 (Seed: -5698702710497099097)
2012-12-30 19:36:54 [INFO] [xServer] Enabling xServer v0.2.7
2012-12-30 19:36:54 [INFO] [xServer] XServer Version 0.2.6 Initializing
2012-12-30 19:36:54 [INFO] [xServer] Client connected to localhost:33777
2012-12-30 19:36:54 [INFO] [CreeperMess] Enabling CreeperMess v1.2
2012-12-30 19:36:54 [INFO] [CreeperMess v1.2] Enabled!
2012-12-30 19:36:54 [INFO] [SimpleWelcome] Enabling SimpleWelcome v1.0.1
2012-12-30 19:36:54 [INFO] [SimpleWelcome] Enabled successfully!
2012-12-30 19:36:54 [INFO] Server permissions file permissions.yml is empty, ignoring it
2012-12-30 19:36:54 [INFO] Done (1.669s)! For help, type "help" or "?"
2012-12-30 19:36:58 [INFO] [SimpleWelcome] Configuration reloaded![m
2012-12-30 19:37:06 [INFO] lluoc[/127.0.0.1:58343] logged in with entity id 382 at ([world] 187.533348634978, 65.0, -151.92500001192093)
2012-12-30 19:37:19 [INFO] Connection reset
2012-12-30 19:37:19 [INFO] [Static] lluoc has joined the game[m
2012-12-30 19:37:20 [INFO] lluoc lost connection: disconnect.endOfStream
2012-12-30 19:37:25 [INFO] [Static] lluoc has left the game[m
2012-12-30 19:58:56 [INFO] [Tekkit] lluoc has joined the game[m
2012-12-30 19:59:01 [INFO] [Tekkit] bezelbub: heya[m
2012-12-30 19:59:06 [INFO] [Tekkit] lluoc: hey[m
2012-12-30 20:00:35 [INFO] [Tekkit] lluoc: hey[m
2012-12-30 20:01:11 [INFO] [Tekkit] lluoc: the hell has been built down here?[m
2012-12-30 20:01:21 [INFO] [Tekkit] bezelbub: EVERYTHING[m
2012-12-30 20:01:30 [INFO] [Tekkit] lluoc: I can see...[m
2012-12-30 20:01:43 [INFO] [Tekkit] bezelbub: seen the door?[m
2012-12-30 20:01:43 [INFO] [Tekkit] lluoc: did you make a MFSU pipeline by any chance?[m
2012-12-30 20:01:56 [INFO] [Tekkit] lluoc: umm, not sure[m
2012-12-30 20:02:02 [INFO] [Tekkit] bezelbub: the DOOR[m
2012-12-30 20:02:14 [INFO] [Tekkit] lluoc: which DOOR>[m
2012-12-30 20:02:32 [INFO] [Tekkit] bezelbub: follow me. if you needd to ask its probably no[m
2012-12-30 20:02:43 [INFO] [Tekkit] lluoc: where are you?[m
2012-12-30 20:03:35 [INFO] [Tekkit] bezelbub: wait here[m
2012-12-30 20:03:51 [INFO] [Tekkit] lluoc: intersting roof[m
2012-12-30 20:04:07 [INFO] [Tekkit] lluoc: oh wow[m
2012-12-30 20:04:34 [INFO] [Tekkit] bezelbub: welcome to the geofront[m
2012-12-30 20:04:37 [INFO] [Tekkit] lluoc: impressive.[m
2012-12-30 20:04:38 [INFO] [Tekkit] lluoc: heh[m
2012-12-30 20:04:41 [INFO] [Tekkit] nightkhaos: pfft? that old thing... want to see some magic frames... :P[m
2012-12-30 20:04:52 [INFO] [Tekkit] bezelbub: go see his frames[m
2012-12-30 20:05:08 [INFO] [Tekkit] lluoc: ,... I'm in a building withn computers and a big monitor[m
2012-12-30 20:05:20 [INFO] [Tekkit] nightkhaos: I'll be there in a moment[m
2012-12-30 20:05:25 [INFO] [Tekkit] lluoc: also fly more[m
2012-12-30 20:05:36 [INFO] [Tekkit] nightkhaos: using eletric jetpacks now[m
2012-12-30 20:05:44 [INFO] [Tekkit] lluoc: why?[m
2012-12-30 20:05:45 [INFO] [Tekkit] nightkhaos: trying to restrict flying to "need to only"[m
2012-12-30 20:06:01 [INFO] [Tekkit] lluoc: but lazzzzy[m
2012-12-30 20:06:09 [INFO] [Tekkit] nightkhaos: but EMC.... wasted[m
2012-12-30 20:06:24 [INFO] [Tekkit] lluoc: but EMC... wait, we still worry about EMC?[m
2012-12-30 20:06:39 [INFO] [Tekkit] nightkhaos: with the projects we do, yes...[m
2012-12-30 20:07:02 [INFO] [Tekkit] nightkhaos: hi[m
2012-12-30 20:07:16 [INFO] [Tekkit] nightkhaos: this way...[m
2012-12-30 20:07:56 [INFO] [Tekkit] lluoc: ... seriousky[m
2012-12-30 20:08:38 [INFO] [Tekkit] lluoc: umm[m
2012-12-30 20:08:49 [INFO] [Tekkit] nightkhaos: *waves*[m
2012-12-30 20:09:06 [INFO] [Tekkit] lluoc: I don't see you[m
2012-12-30 20:10:20 [INFO] [Tekkit] lluoc: reinforced stone...[m
2012-12-30 20:10:26 [INFO] [Tekkit] nightkhaos: yes, why not?[m
2012-12-30 20:10:34 [INFO] [Tekkit] lluoc: how are you replenishing it?[m
2012-12-30 20:10:38 [INFO] [Tekkit] lluoc: also nice[m
2012-12-30 20:10:50 [INFO] [Tekkit] nightkhaos: there is plenty in the deployers... and you only have to refil it every 500 blocks or so.[m
2012-12-30 20:10:52 [INFO] [Tekkit] bezelbub: i have a fabricator made for it[m
2012-12-30 20:11:08 [INFO] [Tekkit] bezelbub: 12 chests full[m
2012-12-30 20:11:09 [INFO] [Tekkit] lluoc: ok.[m
2012-12-30 20:11:12 [INFO] [Tekkit] lluoc: heh[m
2012-12-30 20:11:27 [INFO] [Tekkit] lluoc: where is it heading?[m
2012-12-30 20:11:31 [INFO] [Tekkit] lluoc: actually, gtg[m
2012-12-30 20:11:31 [INFO] [Tekkit] nightkhaos: spawn[m
2012-12-30 20:11:33 [INFO] [Tekkit] lluoc has left the game[m
2012-12-30 22:32:15 [INFO] [Tekkit] bezelbub has left the game[m
2012-12-30 22:37:04 [INFO] [Tekkit] nightkhaos has left the game[m
2012-12-30 23:13:31 [INFO] [Static] clarebel has joined the game[m
2012-12-31 00:14:43 [INFO] [Static] clarebel has left the game[m
2012-12-31 08:56:32 [INFO] [Static] adrianjboyer has joined the game[m
2012-12-31 08:58:22 [INFO] adrianjboyer[/127.0.0.1:43108] logged in with entity id 1453 at ([world] 228.5, 65.62000000476837, -45.5)
2012-12-31 08:58:23 [INFO] [Static] adrianjboyer has left the game[m
2012-12-31 09:23:07 [INFO] [Tekkit] bezelbub has joined the game[m
2012-12-31 09:31:46 [INFO] [CreeperMess v1.2] §2A creeper blew up at level 63 in world, 7.1 blocks from adrianjboyer
2012-12-31 09:39:53 [INFO] [Tekkit] lluoc has joined the game[m
2012-12-31 09:39:57 [INFO] [Tekkit] bezelbub: heya[m
2012-12-31 09:40:03 [INFO] [Tekkit] lluoc: hey[m
2012-12-31 09:40:17 [INFO] [Tekkit] lluoc: wow. it made quite some distance[m
2012-12-31 09:41:11 [INFO] [Tekkit] lluoc: what were you doing with forcefeilds btw?[m
2012-12-31 09:41:35 [INFO] [Tekkit] bezelbub: planning to shield everything[m
2012-12-31 09:41:54 [INFO] [Tekkit] lluoc: you won't be able to fit this in a single shield will you[m
2012-12-31 09:42:07 [INFO] [Tekkit] bezelbub: not a chance[m
2012-12-31 09:42:18 [INFO] [Tekkit] lluoc: hmm, I wonder if I can alter the limit[m
2012-12-31 09:43:06 [INFO] Connection reset
2012-12-31 09:43:06 [INFO] adrianjboyer lost connection: disconnect.quitting
2012-12-31 09:43:45 [INFO] [Tekkit] bezelbub: how is the hardcore server set up?[m
2012-12-31 09:44:40 [INFO] [Tekkit] lluoc: its a hardcore server setting.[m
2012-12-31 09:44:53 [INFO] [Tekkit] lluoc: became an option a while back[m
2012-12-31 09:45:05 [INFO] [Tekkit] lluoc: it's not the ultra hard core mod but it could be[m
2012-12-31 09:45:15 [INFO] [Tekkit] bezelbub: how does it do permadeath?[m
2012-12-31 09:45:53 [INFO] [Tekkit] lluoc: you die you can't reconnect I think[m
2012-12-31 09:46:14 [INFO] [Tekkit] lluoc: I'll go find out[m
2012-12-31 09:46:16 [INFO] [Tekkit] lluoc has left the game[m
2012-12-31 09:46:19 [INFO] [Tekkit] bezelbub: for how long? otherwise you eventually get an empty server[m
2012-12-31 09:46:46 [INFO] [Static] lluoc has joined the game[m
2012-12-31 09:46:55 [INFO] lluoc[/127.0.0.1:43816] logged in with entity id 24771 at ([world] 187.533348634978, 65.0, -151.92500001192093)
2012-12-31 09:46:55 [INFO] [Static] lluoc has left the game[m
2012-12-31 09:47:47 [INFO] lluoc lost connection: disconnect.quitting
2012-12-31 09:47:47 [INFO] Connection reset
2012-12-31 09:49:32 [INFO] CONSOLE: Stopping the server..[m
2012-12-31 09:49:32 [INFO] Stopping server
2012-12-31 09:49:32 [INFO] [SimpleWelcome] Disabling SimpleWelcome v1.0.1
2012-12-31 09:49:32 [INFO] [SimpleWelcome] Disabled successfully!
2012-12-31 09:49:32 [INFO] [CreeperMess] Disabling CreeperMess v1.2
2012-12-31 09:49:32 [INFO] [CreeperMess v1.2] Disabled!
2012-12-31 09:49:32 [INFO] [xServer] Disabling xServer v0.2.7
2012-12-31 09:49:32 [SEVERE] [xServer] Could not read packet
2012-12-31 09:49:32 [INFO] [36;1m[XServer] Disconnecting from host[m
2012-12-31 09:49:32 [WARNING] DSCT: Socket closed
2012-12-31 09:49:32 [INFO] Closing listening thread
2012-12-31 09:49:32 [INFO] Saving players
2012-12-31 09:49:32 [INFO] Saving worlds
2012-12-31 09:49:32 [INFO] Saving chunks for level 'world'/Overworld
2012-12-31 09:49:33 [INFO] Saving chunks for level 'world_nether'/Nether
2012-12-31 09:49:33 [INFO] Saving chunks for level 'world_the_end'/The End
2012-12-31 09:49:33 [INFO] Stopping server
2012-12-31 09:49:33 [INFO] Saving players
2012-12-31 09:49:55 [INFO] Starting minecraft server version 1.4.6
2012-12-31 09:49:55 [INFO] Loading properties
2012-12-31 09:49:55 [INFO] Default game type: SURVIVAL
2012-12-31 09:49:55 [INFO] Generating keypair
2012-12-31 09:49:55 [INFO] Starting Minecraft server on localhost:25503
2012-12-31 09:49:56 [INFO] This server is running CraftBukkit version git-Bukkit-1.4.6-R0.1-b2561jnks (MC: 1.4.6) (Implementing API version 1.4.6-R0.1)
2012-12-31 09:49:56 [INFO] [xServer] Loading xServer v0.2.7
2012-12-31 09:49:56 [INFO] [CreeperMess] Loading CreeperMess v1.2
2012-12-31 09:49:56 [INFO] [SimpleWelcome] Loading SimpleWelcome v1.0.1
2012-12-31 09:49:56 [WARNING] **** SERVER IS RUNNING IN OFFLINE/INSECURE MODE!
2012-12-31 09:49:56 [WARNING] The server will make no attempt to authenticate usernames. Beware.
2012-12-31 09:49:56 [WARNING] While this makes the game possible to play without internet access, it also opens up the ability for hackers to connect with any username they choose.
2012-12-31 09:49:56 [WARNING] To change this, set "online-mode" to "true" in the server.properties file.
2012-12-31 09:49:56 [INFO] Preparing level "world"
2012-12-31 09:49:56 [INFO] Preparing start region for level 0 (Seed: -5698702710497099097)
2012-12-31 09:49:57 [INFO] ----- Bukkit Auto Updater -----
2012-12-31 09:49:57 [INFO] It appears that you're running a Beta Build, when you've specified in bukkit.yml that you prefer to run Recommended Builds.
2012-12-31 09:49:57 [INFO] If you would like to be kept informed about new Beta Build releases, it is recommended that you change 'preferred-channel' in your bukkit.yml to 'beta'.
2012-12-31 09:49:57 [INFO] With that set, you will be told whenever a new version is available for download, so that you can always keep up to date and secure with the latest fixes.
2012-12-31 09:49:57 [INFO] If you would like to disable this warning, simply set 'suggest-channels' to false in bukkit.yml.
2012-12-31 09:49:57 [INFO] ----- ------------------- -----
2012-12-31 09:49:57 [INFO] Preparing start region for level 1 (Seed: -5698702710497099097)
2012-12-31 09:49:57 [INFO] Preparing spawn area: 0%
2012-12-31 09:49:58 [INFO] Preparing start region for level 2 (Seed: -5698702710497099097)
2012-12-31 09:49:58 [INFO] [xServer] Enabling xServer v0.2.7
2012-12-31 09:49:58 [INFO] [xServer] XServer Version 0.2.6 Initializing
2012-12-31 09:49:58 [INFO] [xServer] Client connected to localhost:33777
2012-12-31 09:49:58 [INFO] [CreeperMess] Enabling CreeperMess v1.2
2012-12-31 09:49:58 [INFO] [CreeperMess v1.2] Enabled!
2012-12-31 09:49:58 [INFO] [SimpleWelcome] Enabling SimpleWelcome v1.0.1
2012-12-31 09:49:58 [INFO] [SimpleWelcome] Enabled successfully!
2012-12-31 09:49:58 [INFO] Server permissions file permissions.yml is empty, ignoring it
2012-12-31 09:49:58 [INFO] Done (2.347s)! For help, type "help" or "?"
2012-12-31 09:50:03 [INFO] lluoc[/127.0.0.1:43861] logged in with entity id 318 at ([world] 233.5, 65.62000000476837, -34.5)
2012-12-31 09:50:12 [INFO] lluoc issued server command: /kill
2012-12-31 09:50:12 [INFO] lluoc died
2012-12-31 09:50:51 [INFO] lluoc lost connection: disconnect.quitting
2012-12-31 09:50:51 [INFO] Connection reset
2012-12-31 09:51:59 [INFO] CONSOLE: Stopping the server..[m
2012-12-31 09:51:59 [INFO] Stopping server
2012-12-31 09:51:59 [INFO] [SimpleWelcome] Disabling SimpleWelcome v1.0.1
2012-12-31 09:51:59 [INFO] [SimpleWelcome] Disabled successfully!
2012-12-31 09:51:59 [INFO] [CreeperMess] Disabling CreeperMess v1.2
2012-12-31 09:51:59 [INFO] [CreeperMess v1.2] Disabled!
2012-12-31 09:51:59 [INFO] [xServer] Disabling xServer v0.2.7
2012-12-31 09:51:59 [INFO] [36;1m[XServer] Disconnecting from host[m
2012-12-31 09:51:59 [WARNING] DSCT: Socket closed
2012-12-31 09:51:59 [INFO] Closing listening thread
2012-12-31 09:51:59 [INFO] Saving players
2012-12-31 09:51:59 [INFO] Saving worlds
2012-12-31 09:51:59 [INFO] Saving chunks for level 'world'/Overworld
2012-12-31 09:51:59 [SEVERE] [xServer] Couldn't send packet
2012-12-31 09:51:59 [INFO] Saving chunks for level 'world_nether'/Nether
2012-12-31 09:51:59 [INFO] Saving chunks for level 'world_the_end'/The End
2012-12-31 09:52:03 [INFO] Starting minecraft server version 1.4.6
2012-12-31 09:52:03 [INFO] Loading properties
2012-12-31 09:52:03 [INFO] Default game type: SURVIVAL
2012-12-31 09:52:03 [INFO] Generating keypair
2012-12-31 09:52:03 [INFO] Starting Minecraft server on localhost:25503
2012-12-31 09:52:04 [INFO] This server is running CraftBukkit version git-Bukkit-1.4.6-R0.1-b2561jnks (MC: 1.4.6) (Implementing API version 1.4.6-R0.1)
2012-12-31 09:52:04 [INFO] [xServer] Loading xServer v0.2.7
2012-12-31 09:52:04 [INFO] [CreeperMess] Loading CreeperMess v1.2
2012-12-31 09:52:04 [INFO] [SimpleWelcome] Loading SimpleWelcome v1.0.1
2012-12-31 09:52:04 [WARNING] **** SERVER IS RUNNING IN OFFLINE/INSECURE MODE!
2012-12-31 09:52:04 [WARNING] The server will make no attempt to authenticate usernames. Beware.
2012-12-31 09:52:04 [WARNING] While this makes the game possible to play without internet access, it also opens up the ability for hackers to connect with any username they choose.
2012-12-31 09:52:04 [WARNING] To change this, set "online-mode" to "true" in the server.properties file.
2012-12-31 09:52:04 [INFO] Preparing level "world"
2012-12-31 09:52:04 [INFO] ----- Bukkit Auto Updater -----
2012-12-31 09:52:04 [INFO] It appears that you're running a Beta Build, when you've specified in bukkit.yml that you prefer to run Recommended Builds.
2012-12-31 09:52:04 [INFO] If you would like to be kept informed about new Beta Build releases, it is recommended that you change 'preferred-channel' in your bukkit.yml to 'beta'.
2012-12-31 09:52:04 [INFO] With that set, you will be told whenever a new version is available for download, so that you can always keep up to date and secure with the latest fixes.
2012-12-31 09:52:04 [INFO] If you would like to disable this warning, simply set 'suggest-channels' to false in bukkit.yml.
2012-12-31 09:52:04 [INFO] ----- ------------------- -----
2012-12-31 09:52:04 [INFO] Preparing start region for level 0 (Seed: -5698702710497099097)
2012-12-31 09:52:05 [INFO] Preparing start region for level 1 (Seed: -5698702710497099097)
2012-12-31 09:52:05 [INFO] Preparing spawn area: 69%
2012-12-31 09:52:05 [INFO] Preparing start region for level 2 (Seed: -5698702710497099097)
2012-12-31 09:52:05 [INFO] [xServer] Enabling xServer v0.2.7
2012-12-31 09:52:05 [INFO] [xServer] XServer Version 0.2.6 Initializing
2012-12-31 09:52:05 [INFO] [xServer] Client connected to localhost:33777
2012-12-31 09:52:05 [INFO] [CreeperMess] Enabling CreeperMess v1.2
2012-12-31 09:52:05 [INFO] [CreeperMess v1.2] Enabled!
2012-12-31 09:52:05 [INFO] [SimpleWelcome] Enabling SimpleWelcome v1.0.1
2012-12-31 09:52:05 [INFO] [SimpleWelcome] Enabled successfully!
2012-12-31 09:52:05 [INFO] Server permissions file permissions.yml is empty, ignoring it
2012-12-31 09:52:05 [INFO] Done (1.590s)! For help, type "help" or "?"
2012-12-31 09:52:13 [INFO] lluoc[/127.0.0.1:43899] logged in with entity id 324 at ([world] 233.97122430936395, 64.0, -40.0632683729182)
2012-12-31 09:52:16 [INFO] lluoc issued server command: /kill
2012-12-31 09:52:16 [INFO] lluoc died
2012-12-31 09:52:55 [INFO] Connection reset
2012-12-31 09:52:55 [INFO] lluoc lost connection: disconnect.quitting
2012-12-31 09:53:36 [INFO] CONSOLE: Stopping the server..[m
2012-12-31 09:53:36 [INFO] Stopping server
2012-12-31 09:53:36 [INFO] [SimpleWelcome] Disabling SimpleWelcome v1.0.1
2012-12-31 09:53:36 [INFO] [SimpleWelcome] Disabled successfully!
2012-12-31 09:53:36 [INFO] [CreeperMess] Disabling CreeperMess v1.2
2012-12-31 09:53:36 [INFO] [CreeperMess v1.2] Disabled!
2012-12-31 09:53:36 [INFO] [xServer] Disabling xServer v0.2.7
2012-12-31 09:53:37 [INFO] [36;1m[XServer] Disconnecting from host[m
2012-12-31 09:53:37 [WARNING] DSCT: Socket closed
2012-12-31 09:53:37 [INFO] Closing listening thread
2012-12-31 09:53:37 [INFO] Saving players
2012-12-31 09:53:37 [INFO] Saving worlds
2012-12-31 09:53:37 [INFO] Saving chunks for level 'world'/Overworld
2012-12-31 09:53:37 [SEVERE] [xServer] Couldn't send packet
2012-12-31 09:53:37 [INFO] Saving chunks for level 'world_nether'/Nether
2012-12-31 09:53:37 [INFO] Saving chunks for level 'world_the_end'/The End
2012-12-31 09:53:37 [INFO] Stopping server
2012-12-31 09:53:37 [INFO] Saving players
2012-12-31 09:53:37 [INFO] Saving worlds
2012-12-31 09:53:37 [INFO] Saving chunks for level 'world'/Overworld
2012-12-31 09:54:07 [INFO] Starting minecraft server version 1.4.6
2012-12-31 09:54:07 [INFO] Loading properties
2012-12-31 09:54:07 [INFO] Default game type: SURVIVAL
2012-12-31 09:54:07 [INFO] Generating keypair
2012-12-31 09:54:07 [INFO] Starting Minecraft server on localhost:25503
2012-12-31 09:54:07 [INFO] This server is running CraftBukkit version git-Bukkit-1.4.6-R0.1-b2561jnks (MC: 1.4.6) (Implementing API version 1.4.6-R0.1)
2012-12-31 09:54:08 [INFO] [xServer] Loading xServer v0.2.7
2012-12-31 09:54:08 [INFO] [CreeperMess] Loading CreeperMess v1.2
2012-12-31 09:54:08 [INFO] [SimpleWelcome] Loading SimpleWelcome v1.0.1
2012-12-31 09:54:08 [WARNING] Failed to load operators list: java.io.FileNotFoundException: ./ops.txt (No such file or directory)
2012-12-31 09:54:08 [WARNING] **** SERVER IS RUNNING IN OFFLINE/INSECURE MODE!
2012-12-31 09:54:08 [WARNING] The server will make no attempt to authenticate usernames. Beware.
2012-12-31 09:54:08 [WARNING] While this makes the game possible to play without internet access, it also opens up the ability for hackers to connect with any username they choose.
2012-12-31 09:54:08 [WARNING] To change this, set "online-mode" to "true" in the server.properties file.
2012-12-31 09:54:08 [INFO] Preparing level "world"
2012-12-31 09:54:08 [INFO] ----- Bukkit Auto Updater -----
2012-12-31 09:54:08 [INFO] It appears that you're running a Beta Build, when you've specified in bukkit.yml that you prefer to run Recommended Builds.
2012-12-31 09:54:08 [INFO] If you would like to be kept informed about new Beta Build releases, it is recommended that you change 'preferred-channel' in your bukkit.yml to 'beta'.
2012-12-31 09:54:08 [INFO] With that set, you will be told whenever a new version is available for download, so that you can always keep up to date and secure with the latest fixes.
2012-12-31 09:54:08 [INFO] If you would like to disable this warning, simply set 'suggest-channels' to false in bukkit.yml.
2012-12-31 09:54:08 [INFO] ----- ------------------- -----
2012-12-31 09:54:08 [INFO] Preparing start region for level 0 (Seed: -5698702710497099097)
2012-12-31 09:54:08 [INFO] Preparing start region for level 1 (Seed: -5698702710497099097)
2012-12-31 09:54:09 [INFO] Preparing spawn area: 61%
2012-12-31 09:54:09 [INFO] Preparing start region for level 2 (Seed: -5698702710497099097)
2012-12-31 09:54:09 [INFO] [xServer] Enabling xServer v0.2.7
2012-12-31 09:54:09 [INFO] [xServer] XServer Version 0.2.6 Initializing
2012-12-31 09:54:09 [INFO] [xServer] Client connected to localhost:33777
2012-12-31 09:54:09 [INFO] [CreeperMess] Enabling CreeperMess v1.2
2012-12-31 09:54:09 [INFO] [CreeperMess v1.2] Enabled!
2012-12-31 09:54:09 [INFO] [SimpleWelcome] Enabling SimpleWelcome v1.0.1
2012-12-31 09:54:09 [INFO] [SimpleWelcome] Enabled successfully!
2012-12-31 09:54:09 [INFO] Server permissions file permissions.yml is empty, ignoring it
2012-12-31 09:54:09 [INFO] Done (1.679s)! For help, type "help" or "?"
2012-12-31 09:54:20 [INFO] lluoc[/127.0.0.1:43963] logged in with entity id 310 at ([world] 236.5, 65.62000000476837, -42.5)
2012-12-31 09:54:25 [INFO] lluoc issued server command: /kill
2012-12-31 09:54:25 [INFO] lluoc died
2012-12-31 09:54:42 [INFO] Connection reset
2012-12-31 09:54:42 [INFO] lluoc lost connection: disconnect.quitting
2012-12-31 09:57:13 [INFO] [SimpleWelcome] Disabling SimpleWelcome v1.0.1
2012-12-31 09:57:13 [INFO] [SimpleWelcome] Disabled successfully!
2012-12-31 09:57:13 [INFO] [CreeperMess] Disabling CreeperMess v1.2
2012-12-31 09:57:13 [INFO] [CreeperMess v1.2] Disabled!
2012-12-31 09:57:13 [INFO] [xServer] Disabling xServer v0.2.7
2012-12-31 09:57:13 [INFO] [36;1m[XServer] Disconnecting from host[m
2012-12-31 09:57:13 [INFO] 210 recipes
2012-12-31 09:57:13 [SEVERE] [xServer] Couldn't send packet
2012-12-31 09:57:13 [SEVERE] Could not load 'plugins/HardCoreWorlds.jar' in folder 'plugins'
org.bukkit.plugin.InvalidPluginException: java.lang.NoClassDefFoundError: net/minecraft/server/Packet
	at org.bukkit.plugin.java.JavaPluginLoader.loadPlugin(JavaPluginLoader.java:182)
	at org.bukkit.plugin.SimplePluginManager.loadPlugin(SimplePluginManager.java:305)
	at org.bukkit.plugin.SimplePluginManager.loadPlugins(SimplePluginManager.java:230)
	at org.bukkit.craftbukkit.v1_4_6.CraftServer.loadPlugins(CraftServer.java:235)
	at org.bukkit.craftbukkit.v1_4_6.CraftServer.reload(CraftServer.java:585)
	at org.bukkit.Bukkit.reload(Bukkit.java:184)
	at org.bukkit.command.defaults.ReloadCommand.execute(ReloadCommand.java:23)
	at org.bukkit.command.SimpleCommandMap.dispatch(SimpleCommandMap.java:186)
	at org.bukkit.craftbukkit.v1_4_6.CraftServer.dispatchCommand(CraftServer.java:510)
	at org.bukkit.craftbukkit.v1_4_6.CraftServer.dispatchServerCommand(CraftServer.java:502)
	at net.minecraft.server.v1_4_6.DedicatedServer.al(DedicatedServer.java:260)
	at net.minecraft.server.v1_4_6.DedicatedServer.r(DedicatedServer.java:225)
	at net.minecraft.server.v1_4_6.MinecraftServer.q(MinecraftServer.java:494)
	at net.minecraft.server.v1_4_6.MinecraftServer.run(MinecraftServer.java:427)
	at net.minecraft.server.v1_4_6.ThreadServerApplication.run(SourceFile:849)
Caused by: java.lang.NoClassDefFoundError: net/minecraft/server/Packet
	at com.Cayviel.HardCoreWorlds.HardCoreWorlds.<init>(HardCoreWorlds.java:27)
	at sun.reflect.NativeConstructorAccessorImpl.newInstance0(Native Method)
	at sun.reflect.NativeConstructorAccessorImpl.newInstance(NativeConstructorAccessorImpl.java:57)
	at sun.reflect.DelegatingConstructorAccessorImpl.newInstance(DelegatingConstructorAccessorImpl.java:45)
	at java.lang.reflect.Constructor.newInstance(Constructor.java:525)
	at org.bukkit.plugin.java.JavaPluginLoader.loadPlugin(JavaPluginLoader.java:178)
	... 14 more
Caused by: java.lang.ClassNotFoundException: net.minecraft.server.Packet
	at org.bukkit.plugin.java.PluginClassLoader.findClass0(PluginClassLoader.java:70)
	at org.bukkit.plugin.java.PluginClassLoader.findClass(PluginClassLoader.java:53)
	at java.lang.ClassLoader.loadClass(ClassLoader.java:423)
	at java.lang.ClassLoader.loadClass(ClassLoader.java:356)
	... 20 more
2012-12-31 09:57:13 [INFO] [xServer] Loading xServer v0.2.7
2012-12-31 09:57:13 [INFO] [CreeperMess] Loading CreeperMess v1.2
2012-12-31 09:57:13 [INFO] [SimpleWelcome] Loading SimpleWelcome v1.0.1
2012-12-31 09:57:13 [INFO] [xServer] Enabling xServer v0.2.7
2012-12-31 09:57:13 [INFO] [xServer] XServer Version 0.2.6 Initializing
2012-12-31 09:57:13 [INFO] [CreeperMess] Enabling CreeperMess v1.2
2012-12-31 09:57:13 [INFO] [36;1m[XServer]Connected to host[m
2012-12-31 09:57:13 [INFO] [xServer] Client connected to localhost:33777
2012-12-31 09:57:13 [INFO] [CreeperMess v1.2] Enabled!
2012-12-31 09:57:13 [INFO] [SimpleWelcome] Enabling SimpleWelcome v1.0.1
2012-12-31 09:57:13 [INFO] [SimpleWelcome] Enabled successfully!
2012-12-31 09:57:13 [INFO] Server permissions file permissions.yml is empty, ignoring it
2012-12-31 09:57:13 [INFO] CONSOLE: [32;1mReload complete.[m
2012-12-31 10:02:18 [INFO] [SimpleWelcome] Disabling SimpleWelcome v1.0.1
2012-12-31 10:02:18 [INFO] [SimpleWelcome] Disabled successfully!
2012-12-31 10:02:18 [INFO] [CreeperMess] Disabling CreeperMess v1.2
2012-12-31 10:02:18 [INFO] [CreeperMess v1.2] Disabled!
2012-12-31 10:02:18 [INFO] [xServer] Disabling xServer v0.2.7
2012-12-31 10:02:18 [INFO] [36;1m[XServer] Disconnecting from host[m
2012-12-31 10:02:18 [SEVERE] [xServer] Couldn't send packet
2012-12-31 10:02:18 [INFO] 210 recipes
2012-12-31 10:02:18 [INFO] [xServer] Loading xServer v0.2.7
2012-12-31 10:02:18 [INFO] [Ghard] Loading Ghard v1.0
2012-12-31 10:02:18 [INFO] [CreeperMess] Loading CreeperMess v1.2
2012-12-31 10:02:18 [INFO] [SimpleWelcome] Loading SimpleWelcome v1.0.1
2012-12-31 10:02:18 [INFO] [xServer] Enabling xServer v0.2.7
2012-12-31 10:02:18 [INFO] [xServer] XServer Version 0.2.6 Initializing
2012-12-31 10:02:18 [INFO] [Ghard] Enabling Ghard v1.0
2012-12-31 10:02:18 [INFO] [Ghard] 1.0 loading.
2012-12-31 10:02:18 [INFO] [36;1m[XServer]Connected to host[m
2012-12-31 10:02:18 [INFO] [xServer] Client connected to localhost:33777
2012-12-31 10:02:18 [INFO] [Ghard] Dead players file not found, starting a new one.
2012-12-31 10:02:18 [INFO] [Ghard] 1.0 is now enabled!
2012-12-31 10:02:18 [INFO] [CreeperMess] Enabling CreeperMess v1.2
2012-12-31 10:02:18 [INFO] [CreeperMess v1.2] Enabled!
2012-12-31 10:02:18 [INFO] [SimpleWelcome] Enabling SimpleWelcome v1.0.1
2012-12-31 10:02:18 [INFO] [SimpleWelcome] Enabled successfully!
2012-12-31 10:02:18 [INFO] Server permissions file permissions.yml is empty, ignoring it
2012-12-31 10:02:18 [INFO] CONSOLE: [32;1mReload complete.[m
2012-12-31 10:05:16 [INFO] [SimpleWelcome] Disabling SimpleWelcome v1.0.1
2012-12-31 10:05:16 [INFO] [SimpleWelcome] Disabled successfully!
2012-12-31 10:05:16 [INFO] [CreeperMess] Disabling CreeperMess v1.2
2012-12-31 10:05:16 [INFO] [CreeperMess v1.2] Disabled!
2012-12-31 10:05:16 [INFO] [Ghard] Disabling Ghard v1.0
2012-12-31 10:05:16 [INFO] Ghard is now disabled.
2012-12-31 10:05:16 [INFO] [xServer] Disabling xServer v0.2.7
2012-12-31 10:05:16 [INFO] [36;1m[XServer] Disconnecting from host[m
2012-12-31 10:05:16 [SEVERE] [xServer] Couldn't send packet
2012-12-31 10:05:16 [INFO] 210 recipes
2012-12-31 10:05:16 [INFO] [xServer] Loading xServer v0.2.7
2012-12-31 10:05:16 [INFO] [Ghard] Loading Ghard v1.0
2012-12-31 10:05:16 [INFO] [CreeperMess] Loading CreeperMess v1.2
2012-12-31 10:05:16 [INFO] [SimpleWelcome] Loading SimpleWelcome v1.0.1
2012-12-31 10:05:16 [INFO] [xServer] Enabling xServer v0.2.7
2012-12-31 10:05:16 [INFO] [xServer] XServer Version 0.2.6 Initializing
2012-12-31 10:05:16 [INFO] [Ghard] Enabling Ghard v1.0
2012-12-31 10:05:16 [INFO] [Ghard] 1.0 loading.
2012-12-31 10:05:16 [INFO] [36;1m[XServer]Connected to host[m
2012-12-31 10:05:16 [INFO] [xServer] Client connected to localhost:33777
2012-12-31 10:05:16 [INFO] [Ghard] Dead players file not found, starting a new one.
2012-12-31 10:05:16 [INFO] [Ghard] 1.0 is now enabled!
2012-12-31 10:05:16 [INFO] [CreeperMess] Enabling CreeperMess v1.2
2012-12-31 10:05:16 [INFO] [CreeperMess v1.2] Enabled!
2012-12-31 10:05:16 [INFO] [SimpleWelcome] Enabling SimpleWelcome v1.0.1
2012-12-31 10:05:16 [INFO] [SimpleWelcome] Enabled successfully!
2012-12-31 10:05:16 [INFO] Server permissions file permissions.yml is empty, ignoring it
2012-12-31 10:05:16 [INFO] CONSOLE: [32;1mReload complete.[m
2012-12-31 10:05:24 [INFO] [Ghard] CraftPlayer{name=lluoc} is trying to log in.
2012-12-31 10:05:24 [INFO] lluoc[/127.0.0.1:44143] logged in with entity id 351 at ([world] 236.5, 64.0, -43.5)
2012-12-31 10:05:27 [INFO] lluoc issued server command: /kill
2012-12-31 10:05:27 [INFO] [Ghard] lluoc was added to the list of the dead. They will be dead until Thu Jan 03 10:05:27 GMT+10:00 2013
2012-12-31 10:05:27 [INFO] lluoc died
2012-12-31 10:05:31 [INFO] [Ghard] The reaper has caught up with lluoc and taken them away.
2012-12-31 10:05:33 [INFO] Connection reset
2012-12-31 10:05:41 [INFO] [Ghard] CraftPlayer{name=lluoc} is trying to log in.
2012-12-31 10:05:41 [INFO] lluoc[/127.0.0.1:44147] logged in with entity id 425 at ([world] 236.5, 64.0, -43.5)
2012-12-31 10:05:46 [INFO] [Ghard] The reaper has caught up with lluoc and taken them away.
2012-12-31 10:23:26 [INFO] [Static] clarebel has joined the game[m
2012-12-31 10:28:08 [INFO] [Tekkit] bezelbub has left the game[m
2012-12-31 10:46:52 [INFO] There are 0/20 players online:
[m
2012-12-31 10:47:01 [INFO] [SimpleWelcome] Disabling SimpleWelcome v1.0.1
2012-12-31 10:47:01 [INFO] [SimpleWelcome] Disabled successfully!
2012-12-31 10:47:01 [INFO] [CreeperMess] Disabling CreeperMess v1.2
2012-12-31 10:47:01 [INFO] [CreeperMess v1.2] Disabled!
2012-12-31 10:47:01 [INFO] [Ghard] Disabling Ghard v1.0
2012-12-31 10:47:01 [INFO] Ghard is now disabled.
2012-12-31 10:47:01 [INFO] [xServer] Disabling xServer v0.2.7
2012-12-31 10:47:01 [SEVERE] [xServer] Could not read packet
2012-12-31 10:47:01 [INFO] [36;1m[XServer] Disconnecting from host[m
2012-12-31 10:47:01 [INFO] 210 recipes
2012-12-31 10:47:01 [INFO] [xServer] Loading xServer v0.2.7
2012-12-31 10:47:01 [INFO] [Ghard] Loading Ghard v1.0
2012-12-31 10:47:01 [INFO] [CreeperMess] Loading CreeperMess v1.2
2012-12-31 10:47:01 [INFO] [SimpleWelcome] Loading SimpleWelcome v1.0.1
2012-12-31 10:47:01 [INFO] [xServer] Enabling xServer v0.2.7
2012-12-31 10:47:01 [INFO] [xServer] XServer Version 0.2.6 Initializing
2012-12-31 10:47:01 [INFO] [Ghard] Enabling Ghard v1.0
2012-12-31 10:47:01 [INFO] [Ghard] 1.0 loading.
2012-12-31 10:47:01 [INFO] [36;1m[XServer]Connected to host[m
2012-12-31 10:47:01 [INFO] [xServer] Client connected to localhost:33777
2012-12-31 10:47:01 [INFO] [Ghard] Dead players file not found, starting a new one.
2012-12-31 10:47:01 [INFO] [Ghard] 1.0 is now enabled!
2012-12-31 10:47:01 [INFO] [CreeperMess] Enabling CreeperMess v1.2
2012-12-31 10:47:01 [INFO] [CreeperMess v1.2] Enabled!
2012-12-31 10:47:01 [INFO] [SimpleWelcome] Enabling SimpleWelcome v1.0.1
2012-12-31 10:47:01 [INFO] [SimpleWelcome] Enabled successfully!
2012-12-31 10:47:01 [INFO] Server permissions file permissions.yml is empty, ignoring it
2012-12-31 10:47:01 [INFO] CONSOLE: [32;1mReload complete.[m
2012-12-31 10:47:10 [INFO] [Ghard] CraftPlayer{name=lluoc} is trying to log in.
2012-12-31 10:47:10 [INFO] lluoc[/127.0.0.1:44745] logged in with entity id 495 at ([world] 236.5, 64.0, -43.5)
2012-12-31 10:47:34 [INFO] lluoc issued server command: /kill
2012-12-31 10:47:34 [INFO] [Ghard] lluoc was added to the list of the dead. They will be dead until Mon Dec 31 10:47:33 GMT+10:00 2012
2012-12-31 10:47:34 [INFO] lluoc died
2012-12-31 10:47:36 [INFO] [Ghard] lluoc is ready to come back. They died on Mon Dec 31 10:47:34 GMT+10:00 2012 and could come back any time after Mon Dec 31 10:47:33 GMT+10:00 2012.
2012-12-31 10:47:36 [INFO] [Ghard] Removing lluoc from deadlist.
2012-12-31 10:48:57 [INFO] [SimpleWelcome] Disabling SimpleWelcome v1.0.1
2012-12-31 10:48:57 [INFO] [SimpleWelcome] Disabled successfully!
2012-12-31 10:48:57 [INFO] [CreeperMess] Disabling CreeperMess v1.2
2012-12-31 10:48:57 [INFO] [CreeperMess v1.2] Disabled!
2012-12-31 10:48:57 [INFO] [Ghard] Disabling Ghard v1.0
2012-12-31 10:48:57 [INFO] Ghard is now disabled.
2012-12-31 10:48:57 [INFO] [xServer] Disabling xServer v0.2.7
2012-12-31 10:48:57 [INFO] [36;1m[XServer] Disconnecting from host[m
2012-12-31 10:48:57 [INFO] 210 recipes
2012-12-31 10:48:57 [SEVERE] [xServer] Couldn't send packet
2012-12-31 10:48:57 [INFO] [xServer] Loading xServer v0.2.7
2012-12-31 10:48:57 [INFO] [Ghard] Loading Ghard v1.0
2012-12-31 10:48:57 [INFO] [CreeperMess] Loading CreeperMess v1.2
2012-12-31 10:48:57 [INFO] [SimpleWelcome] Loading SimpleWelcome v1.0.1
2012-12-31 10:48:57 [INFO] [xServer] Enabling xServer v0.2.7
2012-12-31 10:48:57 [INFO] [xServer] XServer Version 0.2.6 Initializing
2012-12-31 10:48:57 [INFO] [Ghard] Enabling Ghard v1.0
2012-12-31 10:48:57 [INFO] [Ghard] 1.0 loading.
2012-12-31 10:48:57 [INFO] [36;1m[XServer]Connected to host[m
2012-12-31 10:48:57 [INFO] [xServer] Client connected to localhost:33777
2012-12-31 10:48:57 [INFO] [Ghard] 0 dead players loaded from the file.
2012-12-31 10:48:57 [INFO] [Ghard] 1.0 is now enabled!
2012-12-31 10:48:57 [INFO] [CreeperMess] Enabling CreeperMess v1.2
2012-12-31 10:48:57 [INFO] [CreeperMess v1.2] Enabled!
2012-12-31 10:48:57 [INFO] [SimpleWelcome] Enabling SimpleWelcome v1.0.1
2012-12-31 10:48:57 [INFO] [SimpleWelcome] Enabled successfully!
2012-12-31 10:48:57 [INFO] Server permissions file permissions.yml is empty, ignoring it
2012-12-31 10:48:57 [INFO] CONSOLE: [32;1mReload complete.[m
2012-12-31 10:49:10 [INFO] lluoc issued server command: /kill
2012-12-31 10:49:10 [INFO] [Ghard] lluoc was added to the list of the dead. They will be dead until Mon Jan 07 10:49:10 GMT+10:00 2013
2012-12-31 10:49:10 [INFO] lluoc died
2012-12-31 10:49:12 [INFO] [Ghard] The reaper has caught up with lluoc and taken them away.
2012-12-31 10:53:31 [INFO] [SimpleWelcome] Disabling SimpleWelcome v1.0.1
2012-12-31 10:53:31 [INFO] [SimpleWelcome] Disabled successfully!
2012-12-31 10:53:31 [INFO] [CreeperMess] Disabling CreeperMess v1.2
2012-12-31 10:53:31 [INFO] [CreeperMess v1.2] Disabled!
2012-12-31 10:53:31 [INFO] [Ghard] Disabling Ghard v1.0
2012-12-31 10:53:31 [INFO] Ghard is now disabled.
2012-12-31 10:53:31 [INFO] [xServer] Disabling xServer v0.2.7
2012-12-31 10:53:31 [INFO] [36;1m[XServer] Disconnecting from host[m
2012-12-31 10:53:31 [INFO] 210 recipes
2012-12-31 10:53:31 [SEVERE] [xServer] Couldn't send packet
2012-12-31 10:53:31 [INFO] [xServer] Loading xServer v0.2.7
2012-12-31 10:53:31 [INFO] [Ghard] Loading Ghard v1.0
2012-12-31 10:53:31 [INFO] [CreeperMess] Loading CreeperMess v1.2
2012-12-31 10:53:31 [INFO] [SimpleWelcome] Loading SimpleWelcome v1.0.1
2012-12-31 10:53:31 [INFO] [xServer] Enabling xServer v0.2.7
2012-12-31 10:53:31 [INFO] [xServer] XServer Version 0.2.6 Initializing
2012-12-31 10:53:31 [INFO] [Ghard] Enabling Ghard v1.0
2012-12-31 10:53:31 [INFO] [Ghard] 1.0 loading.
2012-12-31 10:53:31 [INFO] [36;1m[XServer]Connected to host[m
2012-12-31 10:53:31 [INFO] [xServer] Client connected to localhost:33777
2012-12-31 10:53:31 [INFO] [Ghard] 1 dead players loaded from the file.
2012-12-31 10:53:31 [INFO] [Ghard] 1.0 is now enabled!
2012-12-31 10:53:31 [INFO] [CreeperMess] Enabling CreeperMess v1.2
2012-12-31 10:53:31 [INFO] [CreeperMess v1.2] Enabled!
2012-12-31 10:53:31 [INFO] [SimpleWelcome] Enabling SimpleWelcome v1.0.1
2012-12-31 10:53:31 [INFO] [SimpleWelcome] Enabled successfully!
2012-12-31 10:53:31 [INFO] Server permissions file permissions.yml is empty, ignoring it
2012-12-31 10:53:31 [INFO] CONSOLE: [32;1mReload complete.[m
2012-12-31 10:53:52 [INFO] [SimpleWelcome] Disabling SimpleWelcome v1.0.1
2012-12-31 10:53:52 [INFO] [SimpleWelcome] Disabled successfully!
2012-12-31 10:53:52 [INFO] [CreeperMess] Disabling CreeperMess v1.2
2012-12-31 10:53:52 [INFO] [CreeperMess v1.2] Disabled!
2012-12-31 10:53:52 [INFO] [Ghard] Disabling Ghard v1.0
2012-12-31 10:53:52 [INFO] Ghard is now disabled.
2012-12-31 10:53:52 [INFO] [xServer] Disabling xServer v0.2.7
2012-12-31 10:53:52 [INFO] [36;1m[XServer] Disconnecting from host[m
2012-12-31 10:53:52 [INFO] 210 recipes
2012-12-31 10:53:52 [SEVERE] [xServer] Couldn't send packet
2012-12-31 10:53:52 [INFO] [xServer] Loading xServer v0.2.7
2012-12-31 10:53:52 [INFO] [Ghard] Loading Ghard v1.0
2012-12-31 10:53:52 [INFO] [CreeperMess] Loading CreeperMess v1.2
2012-12-31 10:53:52 [INFO] [SimpleWelcome] Loading SimpleWelcome v1.0.1
2012-12-31 10:53:52 [INFO] [xServer] Enabling xServer v0.2.7
2012-12-31 10:53:52 [INFO] [xServer] XServer Version 0.2.6 Initializing
2012-12-31 10:53:52 [INFO] [Ghard] Enabling Ghard v1.0
2012-12-31 10:53:52 [INFO] [Ghard] 1.0 loading.
2012-12-31 10:53:52 [INFO] [36;1m[XServer]Connected to host[m
2012-12-31 10:53:52 [INFO] [xServer] Client connected to localhost:33777
2012-12-31 10:53:52 [INFO] [Ghard] Dead players file not found, starting a new one.
2012-12-31 10:53:52 [INFO] [Ghard] 1.0 is now enabled!
2012-12-31 10:53:52 [INFO] [CreeperMess] Enabling CreeperMess v1.2
2012-12-31 10:53:52 [INFO] [CreeperMess v1.2] Enabled!
2012-12-31 10:53:52 [INFO] [SimpleWelcome] Enabling SimpleWelcome v1.0.1
2012-12-31 10:53:52 [INFO] [SimpleWelcome] Enabled successfully!
2012-12-31 10:53:52 [INFO] Server permissions file permissions.yml is empty, ignoring it
2012-12-31 10:53:52 [INFO] CONSOLE: [32;1mReload complete.[m
2012-12-31 10:54:00 [INFO] [Ghard] CraftPlayer{name=lluoc} is trying to log in.
2012-12-31 10:54:00 [INFO] lluoc[/127.0.0.1:44877] logged in with entity id 1664 at ([world] 235.28583333894153, 64.0, -45.82584411099654)
2012-12-31 10:54:13 [INFO] lluoc issued server command: /kill
2012-12-31 10:54:13 [INFO] [Ghard] lluoc was added to the list of the dead. They will be dead until Wed Jan 30 21:23:13 GMT+10:00 2013
2012-12-31 10:54:13 [INFO] lluoc died
2012-12-31 10:54:17 [INFO] [Ghard] The reaper has caught up with lluoc and taken them away.
2012-12-31 10:55:01 [INFO] [SimpleWelcome] Disabling SimpleWelcome v1.0.1
2012-12-31 10:55:01 [INFO] [SimpleWelcome] Disabled successfully!
2012-12-31 10:55:01 [INFO] [CreeperMess] Disabling CreeperMess v1.2
2012-12-31 10:55:01 [INFO] [CreeperMess v1.2] Disabled!
2012-12-31 10:55:01 [INFO] [Ghard] Disabling Ghard v1.0
2012-12-31 10:55:01 [INFO] Ghard is now disabled.
2012-12-31 10:55:01 [INFO] [xServer] Disabling xServer v0.2.7
2012-12-31 10:55:01 [INFO] [36;1m[XServer] Disconnecting from host[m
2012-12-31 10:55:01 [SEVERE] [xServer] Couldn't send packet
2012-12-31 10:55:01 [INFO] 210 recipes
2012-12-31 10:55:01 [INFO] [xServer] Loading xServer v0.2.7
2012-12-31 10:55:01 [INFO] [Ghard] Loading Ghard v1.0
2012-12-31 10:55:01 [INFO] [CreeperMess] Loading CreeperMess v1.2
2012-12-31 10:55:01 [INFO] [SimpleWelcome] Loading SimpleWelcome v1.0.1
2012-12-31 10:55:01 [INFO] [xServer] Enabling xServer v0.2.7
2012-12-31 10:55:01 [INFO] [xServer] XServer Version 0.2.6 Initializing
2012-12-31 10:55:01 [INFO] [Ghard] Enabling Ghard v1.0
2012-12-31 10:55:01 [INFO] [36;1m[XServer]Connected to host[m
2012-12-31 10:55:01 [INFO] [Ghard] 1.0 loading.
2012-12-31 10:55:01 [INFO] [xServer] Client connected to localhost:33777
2012-12-31 10:55:01 [INFO] [Ghard] 1 dead players loaded from the file.
2012-12-31 10:55:01 [INFO] [Ghard] 1.0 is now enabled!
2012-12-31 10:55:01 [INFO] [CreeperMess] Enabling CreeperMess v1.2
2012-12-31 10:55:01 [INFO] [CreeperMess v1.2] Enabled!
2012-12-31 10:55:01 [INFO] [SimpleWelcome] Enabling SimpleWelcome v1.0.1
2012-12-31 10:55:01 [INFO] [SimpleWelcome] Enabled successfully!
2012-12-31 10:55:01 [INFO] Server permissions file permissions.yml is empty, ignoring it
2012-12-31 10:55:01 [INFO] CONSOLE: [32;1mReload complete.[m
2012-12-31 10:55:18 [INFO] [SimpleWelcome] Disabling SimpleWelcome v1.0.1
2012-12-31 10:55:18 [INFO] [SimpleWelcome] Disabled successfully!
2012-12-31 10:55:18 [INFO] [CreeperMess] Disabling CreeperMess v1.2
2012-12-31 10:55:18 [INFO] [CreeperMess v1.2] Disabled!
2012-12-31 10:55:18 [INFO] [Ghard] Disabling Ghard v1.0
2012-12-31 10:55:18 [INFO] Ghard is now disabled.
2012-12-31 10:55:18 [INFO] [xServer] Disabling xServer v0.2.7
2012-12-31 10:55:18 [INFO] [36;1m[XServer] Disconnecting from host[m
2012-12-31 10:55:18 [INFO] 210 recipes
2012-12-31 10:55:18 [SEVERE] [xServer] Couldn't send packet
2012-12-31 10:55:18 [INFO] [xServer] Loading xServer v0.2.7
2012-12-31 10:55:18 [INFO] [Ghard] Loading Ghard v1.0
2012-12-31 10:55:18 [INFO] [CreeperMess] Loading CreeperMess v1.2
2012-12-31 10:55:18 [INFO] [SimpleWelcome] Loading SimpleWelcome v1.0.1
2012-12-31 10:55:18 [INFO] [xServer] Enabling xServer v0.2.7
2012-12-31 10:55:18 [INFO] [xServer] XServer Version 0.2.6 Initializing
2012-12-31 10:55:18 [INFO] [Ghard] Enabling Ghard v1.0
2012-12-31 10:55:18 [INFO] [Ghard] 1.0 loading.
2012-12-31 10:55:18 [INFO] [36;1m[XServer]Connected to host[m
2012-12-31 10:55:18 [INFO] [xServer] Client connected to localhost:33777
2012-12-31 10:55:18 [INFO] [Ghard] Dead players file not found, starting a new one.
2012-12-31 10:55:18 [INFO] [Ghard] 1.0 is now enabled!
2012-12-31 10:55:18 [INFO] [CreeperMess] Enabling CreeperMess v1.2
2012-12-31 10:55:18 [INFO] [CreeperMess v1.2] Enabled!
2012-12-31 10:55:18 [INFO] [SimpleWelcome] Enabling SimpleWelcome v1.0.1
2012-12-31 10:55:18 [INFO] [SimpleWelcome] Enabled successfully!
2012-12-31 10:55:18 [INFO] Server permissions file permissions.yml is empty, ignoring it
2012-12-31 10:55:18 [INFO] CONSOLE: [32;1mReload complete.[m
2012-12-31 10:55:20 [INFO] CONSOLE: Stopping the server..[m
2012-12-31 10:55:20 [INFO] Stopping server
2012-12-31 10:55:20 [INFO] [SimpleWelcome] Disabling SimpleWelcome v1.0.1
2012-12-31 10:55:20 [INFO] [SimpleWelcome] Disabled successfully!
2012-12-31 10:55:20 [INFO] [CreeperMess] Disabling CreeperMess v1.2
2012-12-31 10:55:20 [INFO] [CreeperMess v1.2] Disabled!
2012-12-31 10:55:20 [INFO] [Ghard] Disabling Ghard v1.0
2012-12-31 10:55:20 [INFO] Ghard is now disabled.
2012-12-31 10:55:20 [INFO] [xServer] Disabling xServer v0.2.7
2012-12-31 10:55:20 [INFO] [36;1m[XServer] Disconnecting from host[m
2012-12-31 10:55:20 [INFO] Saving players
2012-12-31 10:55:20 [WARNING] DSCT: Socket closed
2012-12-31 10:55:20 [INFO] Saving worlds
2012-12-31 10:55:20 [INFO] Closing listening thread
2012-12-31 10:55:20 [INFO] Saving chunks for level 'world'/Overworld
2012-12-31 10:55:20 [SEVERE] [xServer] Couldn't send packet
2012-12-31 10:55:20 [INFO] Saving chunks for level 'world_nether'/Nether
2012-12-31 10:55:20 [INFO] Saving chunks for level 'world_the_end'/The End
2012-12-31 10:55:20 [INFO] Stopping server
2012-12-31 10:55:20 [INFO] Saving players
2012-12-31 10:55:20 [INFO] Saving worlds
2012-12-31 10:55:20 [INFO] Saving chunks for level 'world'/Overworld
2012-12-31 10:55:42 [INFO] Starting minecraft server version 1.4.6
2012-12-31 10:55:42 [INFO] Loading properties
2012-12-31 10:55:42 [INFO] Default game type: SURVIVAL
2012-12-31 10:55:42 [INFO] Generating keypair
2012-12-31 10:55:42 [INFO] Starting Minecraft server on localhost:25503
2012-12-31 10:55:43 [INFO] This server is running CraftBukkit version git-Bukkit-1.4.6-R0.1-b2561jnks (MC: 1.4.6) (Implementing API version 1.4.6-R0.1)
2012-12-31 10:55:43 [INFO] [xServer] Loading xServer v0.2.7
2012-12-31 10:55:43 [INFO] [Ghard] Loading Ghard v1.0
2012-12-31 10:55:43 [INFO] [CreeperMess] Loading CreeperMess v1.2
2012-12-31 10:55:43 [INFO] [SimpleWelcome] Loading SimpleWelcome v1.0.1
2012-12-31 10:55:43 [WARNING] **** SERVER IS RUNNING IN OFFLINE/INSECURE MODE!
2012-12-31 10:55:43 [WARNING] The server will make no attempt to authenticate usernames. Beware.
2012-12-31 10:55:43 [WARNING] While this makes the game possible to play without internet access, it also opens up the ability for hackers to connect with any username they choose.
2012-12-31 10:55:43 [WARNING] To change this, set "online-mode" to "true" in the server.properties file.
2012-12-31 10:55:43 [INFO] Preparing level "world"
2012-12-31 10:55:43 [INFO] ----- Bukkit Auto Updater -----
2012-12-31 10:55:43 [INFO] It appears that you're running a Beta Build, when you've specified in bukkit.yml that you prefer to run Recommended Builds.
2012-12-31 10:55:43 [INFO] If you would like to be kept informed about new Beta Build releases, it is recommended that you change 'preferred-channel' in your bukkit.yml to 'beta'.
2012-12-31 10:55:43 [INFO] With that set, you will be told whenever a new version is available for download, so that you can always keep up to date and secure with the latest fixes.
2012-12-31 10:55:43 [INFO] If you would like to disable this warning, simply set 'suggest-channels' to false in bukkit.yml.
2012-12-31 10:55:43 [INFO] ----- ------------------- -----
2012-12-31 10:55:43 [INFO] Preparing start region for level 0 (Seed: -5698702710497099097)
2012-12-31 10:55:43 [INFO] Preparing start region for level 1 (Seed: -5698702710497099097)
2012-12-31 10:55:44 [INFO] Preparing spawn area: 81%
2012-12-31 10:55:44 [INFO] Preparing start region for level 2 (Seed: -5698702710497099097)
2012-12-31 10:55:44 [INFO] [xServer] Enabling xServer v0.2.7
2012-12-31 10:55:44 [INFO] [xServer] XServer Version 0.2.6 Initializing
2012-12-31 10:55:44 [INFO] [xServer] Client connected to localhost:33777
2012-12-31 10:55:44 [INFO] [Ghard] Enabling Ghard v1.0
2012-12-31 10:55:44 [INFO] [Ghard] 1.0 loading.
2012-12-31 10:55:44 [INFO] [Ghard] Dead players file not found, starting a new one.
2012-12-31 10:55:44 [INFO] [Ghard] 1.0 is now enabled!
2012-12-31 10:55:44 [INFO] [CreeperMess] Enabling CreeperMess v1.2
2012-12-31 10:55:44 [INFO] [CreeperMess v1.2] Enabled!
2012-12-31 10:55:44 [INFO] [SimpleWelcome] Enabling SimpleWelcome v1.0.1
2012-12-31 10:55:44 [INFO] [SimpleWelcome] Enabled successfully!
2012-12-31 10:55:44 [INFO] Server permissions file permissions.yml is empty, ignoring it
2012-12-31 10:55:44 [INFO] Done (1.577s)! For help, type "help" or "?"
2012-12-31 10:55:50 [INFO] [Ghard] CraftPlayer{name=lluoc} is trying to log in.
2012-12-31 10:55:50 [INFO] lluoc[/127.0.0.1:44901] logged in with entity id 291 at ([world] 235.34366319184437, 64.0, -41.647143516461995)
2012-12-31 10:56:30 [INFO] lluoc issued server command: /gamemode 1 lluoc
2012-12-31 10:56:43 [INFO] CONSOLE: Opped lluoc[m
2012-12-31 10:56:48 [INFO] lluoc issued server command: /gamemode 1 lluoc
2012-12-31 10:56:48 [INFO] lluoc: Set own game mode to CREATIVE mode[m
2012-12-31 10:58:12 [INFO] lluoc issued server command: /time set 0
2012-12-31 10:58:12 [INFO] lluoc: Set time to 0[m
2012-12-31 10:58:32 [INFO] lluoc issued server command: /gamemode 0 lluoc
2012-12-31 10:58:32 [INFO] lluoc: Set own game mode to SURVIVAL mode[m
2012-12-31 10:58:40 [INFO] Connection reset
2012-12-31 10:58:40 [INFO] lluoc lost connection: disconnect.quitting
2012-12-31 11:07:37 [INFO] [Tekkit] lluoc has joined the game[m
2012-12-31 11:07:45 [INFO] [Tekkit] lluoc has left the game[m
2012-12-31 11:35:15 [SEVERE] [xServer] Malformed Packet
2012-12-31 11:35:15 [SEVERE] java.lang.ClassCastException: java.lang.String cannot be cast to java.util.HashMap
2012-12-31 11:35:15 [SEVERE] 	at cbp.double0negative.xServer.client.Client.parse(Client.java:70)
2012-12-31 11:35:15 [SEVERE] 	at cbp.double0negative.xServer.client.Client.run(Client.java:59)
2012-12-31 11:35:15 [INFO] [34;1m[xServer] Tekkit has disconnected[m
2012-12-31 11:36:00 [INFO] [34;1m[xServer] Tekkit has connected[m
2012-12-31 11:37:24 [INFO] [Static] clarebel has left the game[m
2012-12-31 11:42:42 [INFO] [Static] clarebel has joined the game[m
2012-12-31 12:00:17 [INFO] [Tekkit] lluoc has joined the game[m
2012-12-31 12:01:11 [INFO] [Tekkit] lluoc has left the game[m
2012-12-31 12:26:36 [INFO] [Static] clarebel has left the game[m
2012-12-31 13:11:42 [INFO] [Static] clarebel has joined the game[m
2012-12-31 13:12:36 [INFO] [Tekkit] bezelbub has joined the game[m
2012-12-31 13:20:58 [INFO] [Tekkit] bezelbub: really![m
2012-12-31 13:21:13 [INFO] [Tekkit] bezelbub: size restrictions?[m
2012-12-31 13:21:29 [INFO] [Static] clarebel: is that to me?[m
2012-12-31 13:21:53 [INFO] [Tekkit] bezelbub: no, server speaks[m
2012-12-31 13:22:06 [INFO] [Tekkit] bezelbub: sorry for confusion[m
2012-12-31 13:22:06 [INFO] [Static] clarebel: ohhh, ok[m
2012-12-31 13:22:24 [INFO] [Tekkit] bezelbub has left the game[m
2012-12-31 13:32:14 [INFO] [Static] clarebel has left the game[m
2012-12-31 13:36:20 [INFO] [Tekkit] bezelbub has joined the game[m
2012-12-31 13:44:03 [INFO] [Tekkit] bezelbub has left the game[m
2012-12-31 13:51:27 [INFO] [Tekkit] bezelbub has joined the game[m
2012-12-31 13:55:23 [INFO] [Static] clarebel has joined the game[m
2012-12-31 14:09:47 [INFO] [Tekkit] bezelbub: already voted :P[m
2012-12-31 14:15:42 [INFO] [Tekkit] bezelbub: :P[m
2012-12-31 14:21:39 [SEVERE] [xServer] Malformed Packet
2012-12-31 14:21:39 [SEVERE] java.lang.ClassCastException: java.lang.String cannot be cast to java.util.HashMap
2012-12-31 14:21:39 [SEVERE] 	at cbp.double0negative.xServer.client.Client.parse(Client.java:70)
2012-12-31 14:21:39 [SEVERE] 	at cbp.double0negative.xServer.client.Client.run(Client.java:59)
2012-12-31 14:21:39 [INFO] [34;1m[xServer] Tekkit has disconnected[m
2012-12-31 14:23:56 [INFO] [34;1m[xServer] Tekkit has connected[m
2012-12-31 14:25:12 [SEVERE] [xServer] Malformed Packet
2012-12-31 14:25:12 [SEVERE] java.lang.ClassCastException: java.lang.String cannot be cast to java.util.HashMap
2012-12-31 14:25:12 [SEVERE] 	at cbp.double0negative.xServer.client.Client.parse(Client.java:70)
2012-12-31 14:25:12 [SEVERE] 	at cbp.double0negative.xServer.client.Client.run(Client.java:59)
2012-12-31 14:25:12 [INFO] [34;1m[xServer] Tekkit has disconnected[m
2012-12-31 14:27:36 [INFO] [34;1m[xServer] Tekkit has connected[m
2012-12-31 14:28:08 [INFO] [Tekkit] lluoc has joined the game[m
2012-12-31 14:31:23 [INFO] [Tekkit] lluoc: save-all[m
2012-12-31 14:31:38 [INFO] [Tekkit] lluoc has left the game[m
2012-12-31 14:32:05 [INFO] [Tekkit] lluoc has joined the game[m
2012-12-31 14:32:12 [INFO] [Tekkit] bezelbub has joined the game[m
2012-12-31 14:32:21 [INFO] [Tekkit] bezelbub: heya[m
2012-12-31 14:32:24 [INFO] [Tekkit] lluoc: ok. So you have a problem[m
2012-12-31 14:32:32 [INFO] [Tekkit] lluoc: come to substation alpha[m
2012-12-31 14:32:33 [INFO] [Tekkit] bezelbub: oh?[m
2012-12-31 14:33:32 [INFO] [Tekkit] lluoc: ok, look at your wiring[m
2012-12-31 14:33:34 [INFO] [Tekkit] lluoc: in here[m
2012-12-31 14:33:41 [INFO] [Tekkit] bezelbub: yep[m
2012-12-31 14:33:44 [INFO] [Tekkit] lluoc: and then go look up glass fibre on the wiki[m
2012-12-31 14:34:13 [INFO] [Tekkit] lluoc: you have 24 HV arrays doing NOTHING.[m
2012-12-31 14:34:40 [INFO] [Tekkit] lluoc: sorry, MFSU's[m
2012-12-31 14:34:50 [INFO] [Tekkit] bezelbub: ?[m
2012-12-31 14:34:57 [INFO] [Static] clarebel: this is why I like vanilla minecraft, nothing to worry about but a giant fuck off hole :p[m
2012-12-31 14:35:13 [INFO] [Tekkit] bezelbub: i dont see the issue[m
2012-12-31 14:35:13 [INFO] [Tekkit] lluoc: oh, you looked below my house?[m
2012-12-31 14:35:33 [INFO] [Tekkit] lluoc: bezelbub: The output of the cable is 512. total.[m
2012-12-31 14:36:05 [INFO] [Tekkit] bezelbub: no, the Packet size is 512. Multiple packets[m
2012-12-31 14:36:13 [INFO] [Tekkit] bezelbub: trust me[m
2012-12-31 14:36:27 [INFO] [Tekkit] lluoc: Ok. but... *twich*[m
2012-12-31 14:36:40 [INFO] [Tekkit] bezelbub: heh[m
2012-12-31 14:36:46 [INFO] [Tekkit] lluoc: by the way, do you have any spare MFSU's. about 20?[m
2012-12-31 14:37:10 [INFO] [Tekkit] bezelbub: WHAT THE FUCK[m
2012-12-31 14:37:10 [INFO] [Tekkit] lluoc: heh, no. Sigh[m
2012-12-31 14:37:30 [INFO] [Tekkit] bezelbub: WHERE ARE THE AUTO CRAFTING BENCHES[m
2012-12-31 14:37:39 [INFO] [Tekkit] lluoc: ... oh fuck[m
2012-12-31 14:37:46 [INFO] [Tekkit] lluoc: ..[m
2012-12-31 14:37:47 [INFO] [Tekkit] bezelbub: WHAT HAVE YOU DONE![m
2012-12-31 14:37:52 [INFO] [Tekkit] lluoc: shit[m
2012-12-31 14:38:08 [INFO] [Tekkit] bezelbub: THEY ARE ALL GONE[m
2012-12-31 14:38:13 [INFO] [Tekkit] lluoc: umm. I may have to re-instate from a backup[m
2012-12-31 14:38:38 [INFO] [Tekkit] bezelbub: it was fine before the restart i think[m
2012-12-31 14:38:51 [INFO] [Tekkit] lluoc: wait. I have one still...[m
2012-12-31 14:39:18 [INFO] [Tekkit] bezelbub: all my mk ii are gone[m
2012-12-31 14:39:57 [INFO] [Tekkit] lluoc: I updated the tubestuff jar...[m
2012-12-31 14:40:16 [INFO] [Tekkit] lluoc: the last update was 6 hours ago...[m
2012-12-31 14:40:16 [INFO] [Tekkit] bezelbub: missing 12[m
2012-12-31 14:40:24 [INFO] [Tekkit] lluoc: I'm missing a pile too[m
2012-12-31 14:40:51 [INFO] [Tekkit] bezelbub: including in fabrication units :([m
2012-12-31 14:40:58 [INFO] [Tekkit] lluoc: fuck... How much have you done in the last 6 hours?[m
2012-12-31 14:41:19 [INFO] [Tekkit] bezelbub: a solid amount. but ill live[m
2012-12-31 14:41:58 [INFO] [Tekkit] lluoc: sorry. I can put uyou into creative to replace the stuff you did. I'm starting the download now[m
2012-12-31 14:42:02 [INFO] [Tekkit] lluoc: sorry[m
2012-12-31 14:42:06 [INFO] [Tekkit] bezelbub: more importabt to restore the machines[m
2012-12-31 14:42:13 [INFO] [Tekkit] bezelbub: its ok[m
2012-12-31 14:42:41 [INFO] [Tekkit] bezelbub: going to log off for a while though. Not quite ragequitting[m
2012-12-31 14:42:48 [INFO] [Tekkit] lluoc: actually[m
2012-12-31 14:43:02 [INFO] [Tekkit] lluoc: if you want. Suke the shit out of everything...[m
2012-12-31 14:43:09 [INFO] [Tekkit] lluoc: Nuke[m
2012-12-31 14:43:10 [INFO] [Tekkit] bezelbub: hmmmm[m
2012-12-31 14:43:25 [INFO] [Tekkit] bezelbub: confirm you have a backup file FIRST[m
2012-12-31 14:45:09 [INFO] [Tekkit] bezelbub: just making nuke stacks now[m
2012-12-31 14:45:38 [INFO] [Tekkit] bezelbub: interested to see how much resistance my city has[m
2012-12-31 14:45:43 [INFO] [Tekkit] bezelbub: sweet[m
2012-12-31 14:46:21 [INFO] [Tekkit] bezelbub: wait, are you backing up the old map or the current?[m
2012-12-31 14:47:01 [INFO] [Tekkit] bezelbub: ok[m
2012-12-31 14:47:57 [INFO] [Tekkit] bezelbub: first stack made[m
2012-12-31 14:48:57 [INFO] [Tekkit] bezelbub: go time?[m
2012-12-31 14:51:24 [INFO] [Tekkit] lluoc: just so you know. There is a limit on the nuke explosions[m
2012-12-31 14:51:46 [INFO] [Tekkit] bezelbub: aware :P[m
2012-12-31 14:52:04 [INFO] [Tekkit] lluoc: how do you close the doors?[m
2012-12-31 14:52:16 [INFO] [Tekkit] bezelbub: button[m
2012-12-31 14:52:36 [INFO] [Tekkit] lluoc: what are the pressure plates for?[m
2012-12-31 14:53:00 [INFO] [Tekkit] bezelbub: stepping the door for maintanence. go down a floor[m
2012-12-31 14:54:07 [INFO] [Tekkit] bezelbub: cant place red alloy wire on nukes :([m
2012-12-31 14:54:48 [INFO] [Tekkit] bezelbub: wboom time[m
2012-12-31 14:54:57 [INFO] [Tekkit] lluoc: close it first[m
2012-12-31 14:55:07 [INFO] [Tekkit] bezelbub: too late![m
2012-12-31 14:55:15 [INFO] [Tekkit] lluoc: ahhhh[m
2012-12-31 14:55:58 [INFO] [Tekkit] lluoc: umm[m
2012-12-31 14:56:15 [INFO] [Tekkit] lluoc: what hapopened?[m
2012-12-31 14:56:21 [INFO] [Tekkit] bezelbub: killed a server?[m
2012-12-31 14:56:42 [INFO] [Tekkit] lluoc: nope. you didn'y actually set one off[m
2012-12-31 14:57:01 [INFO] [Tekkit] lluoc: ok[m
2012-12-31 14:57:17 [INFO] [Tekkit] bezelbub: its FLashing for fuck sake[m
2012-12-31 14:57:52 [INFO] [Tekkit] lluoc: ....[m
2012-12-31 14:58:01 [INFO] [Tekkit] lluoc: I think they may be broken...[m
2012-12-31 14:58:05 [INFO] [Tekkit] lluoc: awwwwwwww[m
2012-12-31 14:58:35 [INFO] [Tekkit] bezelbub: WHERE IS THE BOOM[m
2012-12-31 14:58:56 [INFO] [Tekkit] lluoc: the fuck...[m
2012-12-31 14:59:04 [INFO] [Tekkit] lluoc: also the backup download just finished[m
2012-12-31 14:59:13 [INFO] [Tekkit] bezelbub: you broke everything T_T[m
2012-12-31 14:59:18 [INFO] [Static] clarebel died[m
2012-12-31 14:59:26 [INFO] [Tekkit] lluoc: exactly.[m
2012-12-31 14:59:36 [INFO] [Tekkit] bezelbub: the door still hasnt closed[m
2012-12-31 14:59:40 [INFO] [Tekkit] lluoc: sigh. I'll copy it over now. Stopping the server[m
2012-12-31 14:59:47 [INFO] [Tekkit] bezelbub: do the restore[m
2012-12-31 14:59:49 [INFO] [Tekkit] bezelbub has left the game[m
2012-12-31 14:59:52 [INFO] [Tekkit] lluoc: I think its broken. It was tubestuff related btw.[m
2012-12-31 14:59:55 [INFO] [Tekkit] lluoc: stop[m
2012-12-31 15:00:28 [SEVERE] [xServer] Malformed Packet
2012-12-31 15:00:28 [SEVERE] java.lang.ClassCastException: java.lang.String cannot be cast to java.util.HashMap
2012-12-31 15:00:28 [SEVERE] 	at cbp.double0negative.xServer.client.Client.parse(Client.java:70)
2012-12-31 15:00:28 [SEVERE] 	at cbp.double0negative.xServer.client.Client.run(Client.java:59)
2012-12-31 15:00:28 [INFO] [34;1m[xServer] Tekkit has disconnected[m
2012-12-31 15:01:27 [INFO] [Static] clarebel has left the game[m
2012-12-31 15:14:03 [INFO] [Static] clarebel has joined the game[m
2012-12-31 15:18:35 [INFO] [34;1m[xServer] Tekkit has connected[m
2012-12-31 15:18:57 [SEVERE] [xServer] Malformed Packet
2012-12-31 15:18:57 [SEVERE] java.lang.ClassCastException: java.lang.String cannot be cast to java.util.HashMap
2012-12-31 15:18:57 [SEVERE] 	at cbp.double0negative.xServer.client.Client.parse(Client.java:70)
2012-12-31 15:18:57 [SEVERE] 	at cbp.double0negative.xServer.client.Client.run(Client.java:59)
2012-12-31 15:18:57 [INFO] [34;1m[xServer] Tekkit has disconnected[m
2012-12-31 15:20:41 [INFO] [34;1m[xServer] Tekkit has connected[m
2012-12-31 15:20:58 [INFO] [Tekkit] lluoc has joined the game[m
2012-12-31 15:22:28 [INFO] [Tekkit] lluoc has left the game[m
2012-12-31 15:22:32 [SEVERE] [xServer] Malformed Packet
2012-12-31 15:22:32 [SEVERE] java.lang.ClassCastException: java.lang.String cannot be cast to java.util.HashMap
2012-12-31 15:22:32 [SEVERE] 	at cbp.double0negative.xServer.client.Client.parse(Client.java:70)
2012-12-31 15:22:32 [SEVERE] 	at cbp.double0negative.xServer.client.Client.run(Client.java:59)
2012-12-31 15:22:32 [INFO] [34;1m[xServer] Tekkit has disconnected[m
2012-12-31 15:25:15 [INFO] [34;1m[xServer] Tekkit has connected[m
2012-12-31 15:29:02 [INFO] [Static] clarebel died[m
2012-12-31 15:31:25 [INFO] [Static] clarebel died[m
2012-12-31 15:32:58 [INFO] [Static] clarebel died[m
2012-12-31 15:37:36 [INFO] Unknown command. Type "help" for help.[m
2012-12-31 15:37:36 [INFO] [35;1m[Server] Starting backup[m
2012-12-31 15:37:36 [INFO] Unknown command. Type "help" for help.[m
2012-12-31 15:37:36 [INFO] CONSOLE: Forcing save..[m
2012-12-31 15:37:36 [INFO] CONSOLE: Save complete.[m
2012-12-31 15:37:36 [INFO] Unknown command. Type "help" for help.[m
2012-12-31 15:37:36 [INFO] CONSOLE: Disabled level saving..[m
2012-12-31 15:37:42 [INFO] [Static] clarebel has left the game[m
