2012-12-31 16:59:08,875	INFO	Starting backup process for: 31-12-12-16-59-08
2012-12-31 16:59:14,895	INFO	Current Backups: 
2012-12-31 16:59:14,895	INFO	    31-12-12-16-56-15:1356933381.tar
2012-12-31 16:59:14,895	INFO	Tar check done.
2012-12-31 16:59:14,895	INFO	Pushing to git.
2012-12-31 16:59:15,061	CRITICAL	Failed to send command: [git add server scripts]
2012-12-31 16:59:24,584	CRITICAL	Failed to send command: [git commit  -m "2012-12-31 16:59"]
2012-12-31 17:01:17,502	INFO	Git push done.
2012-12-31 17:01:22,522	INFO	Backup done.
2012-12-31 17:01:22,523	INFO	
2012-12-31 17:02:47,213	INFO	Starting backup process for: 31-12-12-17-02-47
2012-12-31 17:02:53,240	INFO	Current Backups: 
2012-12-31 17:02:53,240	INFO	    31-12-12-16-56-15:1356933381.tar
2012-12-31 17:02:53,240	INFO	Tar check done.
2012-12-31 17:02:53,240	INFO	Pushing to git.
2012-12-31 17:02:53,335	CRITICAL	Failed to send command: [git add server scripts]
2012-12-31 17:02:54,282	CRITICAL	Failed to send command: [git commit  -m "2012-12-31 17:02"]
2012-12-31 17:03:10,738	INFO	Git push done.
2012-12-31 17:03:15,760	INFO	Backup done.
2012-12-31 17:03:15,760	INFO	
2012-12-31 17:03:31,902	INFO	Starting backup process for: 31-12-12-17-03-31
2012-12-31 17:03:37,925	INFO	Current Backups: 
2012-12-31 17:04:53,046	INFO	Tar check done.
2012-12-31 17:04:53,046	INFO	Pushing to git.
2012-12-31 17:04:53,188	CRITICAL	Failed to send command: [git add server scripts]
2012-12-31 17:04:53,677	CRITICAL	Failed to send command: [git commit  -m "2012-12-31 17:03"]
2012-12-31 17:05:14,929	INFO	Git push done.
2012-12-31 17:05:19,948	INFO	Backup done.
2012-12-31 17:05:21,299	INFO	
2013-01-05 21:00:19,041	INFO	Starting backup process for: 05-01-13-21-00-19
2013-01-05 21:00:25,087	INFO	Current Backups: 
2013-01-05 21:00:25,087	INFO	    31-12-12-17-03-31:1356933817.tar
2013-01-05 21:00:25,087	INFO	Tar check done.
2013-01-05 21:00:25,087	INFO	Pushing to git.
2013-01-05 21:00:28,315	CRITICAL	Failed to send command: [git add server scripts]
2013-01-05 21:00:30,947	CRITICAL	Failed to send command: [git commit  -m "2013-01-05 21:00"]
2013-01-05 21:00:50,772	INFO	Git push done.
2013-01-05 21:00:55,799	INFO	Backup done.
2013-01-05 21:00:55,800	INFO	
2013-01-05 21:35:54,608	INFO	Starting backup process for: 05-01-13-21-35-54
2013-01-05 21:36:00,655	INFO	Current Backups: 
2013-01-05 21:36:00,655	INFO	    31-12-12-17-03-31:1356933817.tar
2013-01-05 21:36:00,655	INFO	Tar check done.
2013-01-05 21:36:00,655	INFO	Pushing to git.
2013-01-05 21:36:00,867	CRITICAL	Failed to send command: [git add server scripts]
2013-01-05 21:36:03,357	CRITICAL	Failed to send command: [git commit  -m "2013-01-05 21:35"]
2013-01-05 21:36:23,684	INFO	Git push done.
2013-01-05 21:36:28,708	INFO	Backup done.
2013-01-05 21:36:28,708	INFO	
2013-01-07 20:56:23,553	INFO	Starting backup process for: 07-01-13-20-56-23
2013-01-07 20:56:29,596	INFO	Current Backups: 
2013-01-07 20:56:29,596	INFO	    31-12-12-17-03-31:1356933817.tar
2013-01-07 20:59:05,897	INFO	Tar check done.
2013-01-07 20:59:05,897	INFO	Pushing to git.
2013-01-07 20:59:06,619	CRITICAL	Failed to send command: [git add server scripts]
2013-01-07 20:59:10,095	CRITICAL	Failed to send command: [git commit  -m "2013-01-07 20:56"]
2013-01-07 20:59:32,488	INFO	Git push done.
2013-01-07 20:59:37,543	INFO	Backup done.
2013-01-07 20:59:37,543	INFO	
2013-01-08 03:25:22,884	INFO	Starting backup process for: 08-01-13-03-25-22
2013-01-08 03:25:28,964	INFO	Current Backups: 
2013-01-08 03:25:28,964	INFO	    31-12-12-17-03-31:1356933817.tar
2013-01-08 03:25:28,964	INFO	    07-01-13-20-56-23:1357552589.tar
2013-01-08 03:25:28,964	INFO	Tar check done.
2013-01-08 03:25:28,964	INFO	Pushing to git.
2013-01-08 03:25:30,366	CRITICAL	Failed to send command: [git add server scripts]
2013-01-08 03:25:32,275	CRITICAL	Failed to send command: [git commit  -m "2013-01-08 03:25"]
2013-01-08 03:31:20,123	INFO	Git push done.
2013-01-08 03:31:25,298	INFO	Backup done.
2013-01-08 03:31:25,298	INFO	
2013-01-08 21:53:57,629	INFO	Starting backup process for: 08-01-13-21-53-57
2013-01-08 21:54:03,708	INFO	Current Backups: 
2013-01-08 21:54:03,715	INFO	    31-12-12-17-03-31:1356933817.tar
2013-01-08 21:54:03,715	INFO	    07-01-13-20-56-23:1357552589.tar
2013-01-08 21:54:03,715	INFO	Tar check done.
2013-01-08 21:54:03,716	INFO	Pushing to git.
2013-01-08 21:54:05,362	CRITICAL	Failed to send command: [git add server scripts]
2013-01-08 21:54:08,005	CRITICAL	Failed to send command: [git commit  -m "2013-01-08 21:53"]
2013-01-08 21:55:36,941	INFO	Git push done.
2013-01-08 21:55:41,998	INFO	Backup done.
2013-01-08 21:55:41,998	INFO	
2013-01-09 14:34:18,150	INFO	Starting backup process for: 09-01-13-14-34-18
2013-01-09 14:34:24,200	INFO	Current Backups: 
2013-01-09 14:34:24,200	INFO	    31-12-12-17-03-31:1356933817.tar
2013-01-09 14:34:24,200	INFO	    07-01-13-20-56-23:1357552589.tar
2013-01-09 14:34:24,200	INFO	Tar check done.
2013-01-09 14:34:24,200	INFO	Pushing to git.
2013-01-09 14:34:25,077	CRITICAL	Failed to send command: [git add server scripts]
2013-01-09 14:34:27,237	CRITICAL	Failed to send command: [git commit  -m "2013-01-09 14:34"]
2013-01-09 14:35:56,856	INFO	Git push done.
2013-01-09 14:36:01,875	INFO	Backup done.
2013-01-09 14:36:01,875	INFO	
2013-01-09 14:43:42,362	INFO	Starting backup process for: 09-01-13-14-43-42
2013-01-09 14:43:48,384	INFO	Current Backups: 
2013-01-09 14:43:48,384	INFO	    31-12-12-17-03-31:1356933817.tar
2013-01-09 14:43:48,384	INFO	    07-01-13-20-56-23:1357552589.tar
2013-01-09 14:43:48,384	INFO	Tar check done.
2013-01-09 14:43:48,384	INFO	Pushing to git.
2013-01-09 14:47:05,453	INFO	Git push done.
2013-01-09 14:47:10,497	INFO	Backup done.
2013-01-09 14:47:10,497	INFO	
2013-03-28 23:20:42,709	INFO	Starting backup process for: 28-03-13-23-20-42
2013-03-28 23:20:42,882	CRITICAL	Command failed: [mc_static] say Starting backup
2013-03-28 23:20:42,885	CRITICAL	Command failed: [mc_fluid] say Starting backup
2013-03-28 23:20:42,887	CRITICAL	Command failed: [mc_hardcore] say Starting backup
2013-03-28 23:20:42,891	CRITICAL	Command failed: [mc_static] save-all
2013-03-28 23:20:42,893	CRITICAL	Command failed: [mc_fluid] save-all
2013-03-28 23:20:42,895	CRITICAL	Command failed: [mc_hardcore] save-all
2013-03-28 23:20:42,898	CRITICAL	Command failed: [mc_static] save-off
2013-03-28 23:20:42,900	CRITICAL	Command failed: [mc_fluid] save-off
2013-03-28 23:20:42,902	CRITICAL	Command failed: [mc_hardcore] save-off
2013-03-28 23:20:48,906	INFO	Current Backups: 
2013-03-28 23:20:48,906	INFO	    04-03-13-12-00-03:1362394809.tar
2013-03-28 23:20:48,906	INFO	    11-03-13-12-00-01:1362999607.tar
2013-03-28 23:20:48,906	INFO	    18-03-13-12-00-04:1363604411.tar
2013-03-28 23:20:48,906	INFO	    25-03-13-12-00-02:1364209208.tar
2013-03-28 23:20:48,906	INFO	Tar check done.
2013-03-28 23:20:48,906	INFO	Pushing to git.
2013-03-28 23:20:51,407	CRITICAL	Failed to send command: [git commit  -m "2013-03-28 23:20"]
2013-03-28 23:31:41,668	INFO	Git push done.
2013-03-28 23:31:46,807	CRITICAL	Command failed: [mc_static] save-on
2013-03-28 23:31:46,809	CRITICAL	Command failed: [mc_fluid] save-on
2013-03-28 23:31:46,812	CRITICAL	Command failed: [mc_hardcore] save-on
2013-03-28 23:31:46,814	CRITICAL	Command failed: [mc_static] save-all
2013-03-28 23:31:46,816	CRITICAL	Command failed: [mc_fluid] save-all
2013-03-28 23:31:46,818	CRITICAL	Command failed: [mc_hardcore] save-all
2013-03-28 23:31:46,820	CRITICAL	Command failed: [mc_static] say Backup complete
2013-03-28 23:31:46,823	CRITICAL	Command failed: [mc_fluid] say Backup complete
2013-03-28 23:31:46,825	CRITICAL	Command failed: [mc_hardcore] say Backup complete
2013-03-28 23:31:46,825	INFO	Backup done.
2013-03-28 23:31:46,825	INFO	
